2023-02-14 16:12:13,056 Input repository path validated successfully
2023-02-14 16:12:13,056 Input report folder path validated successfully
2023-02-14 16:12:13,056 Input repository path validated successfully
2023-02-14 16:12:13,056 Input report folder path validated successfully
2023-02-14 16:12:13,057 Extracting FunctionExtract/condition_checker.py
2023-02-14 16:12:13,062 Extracting FunctionExtract/extractor_log.py
2023-02-14 16:12:13,066 Extracting FunctionExtract/extractor_cmd.py
2023-02-14 16:12:13,070 Extracting FunctionExtract/core_extractor.py
2023-02-14 16:12:13,076 Extracting FunctionExtract/__init__.py
2023-02-14 16:12:13,079 Extracting FunctionExtract/__main__.py
2023-02-14 16:12:13,084 Extraction process took 0.0 minutes
2023-02-14 16:12:13,084 6 vaild files has been analysed
2023-02-14 16:12:27,318 Input repository path validated successfully
2023-02-14 16:12:27,318 Input report folder path validated successfully
2023-02-14 16:12:27,318 Input repository path validated successfully
2023-02-14 16:12:27,318 Input report folder path validated successfully
2023-02-14 16:12:27,318 Extracting FunctionExtract/condition_checker.py
2023-02-14 16:12:27,323 Extracting FunctionExtract/extractor_log.py
2023-02-14 16:12:27,327 Extracting FunctionExtract/extractor_cmd.py
2023-02-14 16:12:27,332 Extracting FunctionExtract/core_extractor.py
2023-02-14 16:12:27,338 Extracting FunctionExtract/__init__.py
2023-02-14 16:12:27,341 Extracting FunctionExtract/__main__.py
2023-02-14 16:12:27,345 Extraction process took 0.0 minutes
2023-02-14 16:12:27,346 6 vaild files has been analysed
2023-02-14 16:40:44,262 Input repository path validated successfully
2023-02-14 16:40:44,262 Input report folder path validated successfully
2023-02-14 16:40:44,262 Input repository path validated successfully
2023-02-14 16:40:44,262 Input report folder path validated successfully
2023-02-14 16:40:44,262 Extracting FunctionExtract/condition_checker.py
2023-02-14 16:40:44,267 Extracting FunctionExtract/extractor_log.py
2023-02-14 16:40:44,271 Extracting FunctionExtract/extractor_cmd.py
2023-02-14 16:40:44,276 Extracting FunctionExtract/core_extractor.py
2023-02-14 16:40:44,282 Extracting FunctionExtract/__init__.py
2023-02-14 16:40:44,285 Extracting FunctionExtract/__main__.py
2023-02-14 16:40:44,289 Extraction process took 0.0 minutes
2023-02-14 16:40:44,289 6 vaild files has been analysed
2023-02-14 16:43:17,206 Input repository path validated successfully
2023-02-14 16:43:17,206 Input report folder path validated successfully
2023-02-14 16:43:17,206 Input repository path validated successfully
2023-02-14 16:43:17,206 Input report folder path validated successfully
2023-02-14 16:43:17,206 Extracting FunctionExtract/condition_checker.py
2023-02-14 16:43:17,211 Extracting FunctionExtract/extractor_log.py
2023-02-14 16:43:17,216 Extracting FunctionExtract/extractor_cmd.py
2023-02-14 16:43:17,220 Extracting FunctionExtract/core_extractor.py
2023-02-14 16:43:17,226 Extracting FunctionExtract/__init__.py
2023-02-14 16:43:17,229 Extracting FunctionExtract/__main__.py
2023-02-14 16:43:17,234 Extraction process took 0.0 minutes
2023-02-14 16:43:17,234 6 vaild files has been analysed
2023-02-14 16:45:29,708 Input repository path validated successfully
2023-02-14 16:45:29,708 Input report folder path validated successfully
2023-02-14 16:45:29,708 Input repository path validated successfully
2023-02-14 16:45:29,708 Input report folder path validated successfully
2023-02-14 16:45:29,708 Extracting FunctionExtract/condition_checker.py
2023-02-14 16:45:29,713 Extracting FunctionExtract/extractor_log.py
2023-02-14 16:45:29,718 Extracting FunctionExtract/extractor_cmd.py
2023-02-14 16:45:29,722 Extracting FunctionExtract/core_extractor.py
2023-02-14 16:45:29,728 Extracting FunctionExtract/__init__.py
2023-02-14 16:45:29,731 Extracting FunctionExtract/__main__.py
2023-02-14 16:45:29,735 Extraction process took 0.0 minutes
2023-02-14 16:45:29,735 6 vaild files has been analysed
2023-02-14 16:45:50,602 Input repository path validated successfully
2023-02-14 16:45:50,602 Input report folder path validated successfully
2023-02-14 16:45:50,602 Input repository path validated successfully
2023-02-14 16:45:50,602 Input report folder path validated successfully
2023-02-14 16:45:50,602 Extracting FunctionExtract/condition_checker.py
2023-02-14 16:45:50,607 Extracting FunctionExtract/extractor_log.py
2023-02-14 16:45:50,612 Extracting FunctionExtract/extractor_cmd.py
2023-02-14 16:45:50,617 Extracting FunctionExtract/core_extractor.py
2023-02-14 16:45:50,623 Extracting FunctionExtract/__init__.py
2023-02-14 16:45:50,627 Extracting FunctionExtract/__main__.py
2023-02-14 16:45:50,632 Extraction process took 0.0 minutes
2023-02-14 16:45:50,632 6 vaild files has been analysed
2023-02-14 16:47:40,219 Input repository path validated successfully
2023-02-14 16:47:40,219 Input report folder path validated successfully
2023-02-14 16:47:40,219 Input repository path validated successfully
2023-02-14 16:47:40,219 Input report folder path validated successfully
2023-02-14 16:47:40,219 Extracting FunctionExtract/condition_checker.py
2023-02-14 16:47:40,224 Extracting FunctionExtract/extractor_log.py
2023-02-14 16:47:40,229 Extracting FunctionExtract/extractor_cmd.py
2023-02-14 16:47:40,234 Extracting FunctionExtract/core_extractor.py
2023-02-14 16:47:40,240 Extracting FunctionExtract/__init__.py
2023-02-14 16:47:40,243 Extracting FunctionExtract/__main__.py
2023-02-14 16:47:40,248 Extraction process took 0.0 minutes
2023-02-14 16:47:40,248 6 vaild files has been analysed
2023-02-14 16:47:55,409 Input repository path validated successfully
2023-02-14 16:47:55,409 Input report folder path validated successfully
2023-02-14 16:47:55,409 Input repository path validated successfully
2023-02-14 16:47:55,409 Input report folder path validated successfully
2023-02-14 16:47:55,409 Extracting FunctionExtract/condition_checker.py
2023-02-14 16:47:55,415 Extracting FunctionExtract/extractor_log.py
2023-02-14 16:47:55,419 Extracting FunctionExtract/extractor_cmd.py
2023-02-14 16:47:55,424 Extracting FunctionExtract/core_extractor.py
2023-02-14 16:47:55,430 Extracting FunctionExtract/__init__.py
2023-02-14 16:47:55,433 Extracting FunctionExtract/__main__.py
2023-02-14 16:47:55,437 Extraction process took 0.0 minutes
2023-02-14 16:47:55,437 6 vaild files has been analysed
2023-02-14 16:48:47,198 Input repository path validated successfully
2023-02-14 16:48:47,198 Input report folder path validated successfully
2023-02-14 16:48:47,198 Input repository path validated successfully
2023-02-14 16:48:47,198 Input report folder path validated successfully
2023-02-14 16:48:47,198 Extracting FunctionExtract/condition_checker.py
2023-02-14 16:48:47,203 Extracting FunctionExtract/extractor_log.py
2023-02-14 16:48:47,208 Extracting FunctionExtract/extractor_cmd.py
2023-02-14 16:48:47,212 Extracting FunctionExtract/core_extractor.py
2023-02-14 16:48:47,218 Extracting FunctionExtract/__init__.py
2023-02-14 16:48:47,221 Extracting FunctionExtract/__main__.py
2023-02-14 16:48:47,225 Extraction process took 0.0 minutes
2023-02-14 16:48:47,226 6 vaild files has been analysed
2023-02-14 16:54:25,210 Input repository path validated successfully
2023-02-14 16:54:25,210 Input report folder path validated successfully
2023-02-14 16:54:25,210 Input repository path validated successfully
2023-02-14 16:54:25,210 Input report folder path validated successfully
2023-02-14 16:54:25,210 Extracting FunctionExtract/condition_checker.py
2023-02-14 16:54:25,215 Extracting FunctionExtract/extractor_log.py
2023-02-14 16:54:25,220 Extracting FunctionExtract/extractor_cmd.py
2023-02-14 16:54:25,224 Extracting FunctionExtract/core_extractor.py
2023-02-14 16:54:25,230 Extracting FunctionExtract/__init__.py
2023-02-14 16:54:25,233 Extracting FunctionExtract/__main__.py
2023-02-14 16:54:25,238 Extraction process took 0.0 minutes
2023-02-14 16:54:25,238 6 vaild files has been analysed
2023-02-14 16:54:38,431 Input repository path validated successfully
2023-02-14 16:54:38,432 Input report folder path validated successfully
2023-02-14 16:54:38,432 Input repository path validated successfully
2023-02-14 16:54:38,432 Input report folder path validated successfully
2023-02-14 16:54:38,432 Extracting FunctionExtract/condition_checker.py
2023-02-14 16:54:38,437 Extracting FunctionExtract/extractor_log.py
2023-02-14 16:54:38,441 Extracting FunctionExtract/extractor_cmd.py
2023-02-14 16:54:38,446 Extracting FunctionExtract/core_extractor.py
2023-02-14 16:54:38,452 Extracting FunctionExtract/__init__.py
2023-02-14 16:54:38,455 Extracting FunctionExtract/__main__.py
2023-02-14 16:54:38,459 Extraction process took 0.0 minutes
2023-02-14 16:54:38,460 6 vaild files has been analysed
2023-02-14 16:55:51,315 Input repository path validated successfully
2023-02-14 16:55:51,315 Input report folder path validated successfully
2023-02-14 16:55:51,315 Input repository path validated successfully
2023-02-14 16:55:51,315 Input report folder path validated successfully
2023-02-14 16:55:51,315 Extracting FunctionExtract/condition_checker.py
2023-02-14 16:55:51,321 Extracting FunctionExtract/extractor_log.py
2023-02-14 16:55:51,325 Extracting FunctionExtract/extractor_cmd.py
2023-02-14 16:55:51,329 Extracting FunctionExtract/core_extractor.py
2023-02-14 16:55:51,335 Extracting FunctionExtract/__init__.py
2023-02-14 16:55:51,338 Extracting FunctionExtract/__main__.py
2023-02-14 16:55:51,343 Extraction process took 0.0 minutes
2023-02-14 16:55:51,343 6 vaild files has been analysed
2023-02-14 16:59:29,420 Input repository path validated successfully
2023-02-14 16:59:29,420 Input report folder path validated successfully
2023-02-14 16:59:29,420 Input repository path validated successfully
2023-02-14 16:59:29,420 Input report folder path validated successfully
2023-02-14 16:59:29,420 Extracting FunctionExtract/condition_checker.py
2023-02-14 16:59:29,425 Extracting FunctionExtract/extractor_log.py
2023-02-14 16:59:29,430 Extracting FunctionExtract/extractor_cmd.py
2023-02-14 16:59:29,434 Extracting FunctionExtract/core_extractor.py
2023-02-14 16:59:29,440 Extracting FunctionExtract/__init__.py
2023-02-14 16:59:29,443 Extracting FunctionExtract/__main__.py
2023-02-14 16:59:29,447 Extraction process took 0.0 minutes
2023-02-14 16:59:29,448 6 vaild files has been analysed
2023-02-14 18:15:46,687 Input repository path validated successfully
2023-02-14 18:15:46,687 Input report folder path validated successfully
2023-02-14 18:15:46,687 Input repository path validated successfully
2023-02-14 18:15:46,687 Input report folder path validated successfully
2023-02-14 18:15:46,687 Extracting FunctionExtract/condition_checker.py
2023-02-14 18:15:46,695 Extracting FunctionExtract/extractor_log.py
2023-02-14 18:15:46,700 Extracting FunctionExtract/extractor_cmd.py
2023-02-14 18:15:46,705 Extracting FunctionExtract/core_extractor.py
2023-02-14 18:15:46,711 Extracting FunctionExtract/__init__.py
2023-02-14 18:15:46,714 Extracting FunctionExtract/__main__.py
2023-02-14 18:15:46,719 Extraction process took 0.001 minutes
2023-02-14 18:15:46,719 6 vaild files has been analysed
2023-02-14 18:37:39,201 Input repository path validated successfully
2023-02-14 18:37:39,201 Input report folder path validated successfully
2023-02-14 18:37:39,201 Input repository path validated successfully
2023-02-14 18:37:39,201 Input report folder path validated successfully
2023-02-14 18:37:39,202 Extracting FunctionExtract/condition_checker.py
2023-02-14 18:37:39,207 Extracting FunctionExtract/extractor_log.py
2023-02-14 18:37:39,211 Extracting FunctionExtract/extractor_cmd.py
2023-02-14 18:37:39,216 Extracting FunctionExtract/core_extractor.py
2023-02-14 18:37:39,222 Extracting FunctionExtract/__init__.py
2023-02-14 18:37:39,225 Extracting FunctionExtract/__main__.py
2023-02-14 18:37:39,230 Extraction process took 0.0 minutes
2023-02-14 18:37:39,230 6 vaild files has been analysed
2023-02-14 18:41:32,854 Input repository path validated successfully
2023-02-14 18:41:32,854 Input report folder path validated successfully
2023-02-14 18:41:32,854 Input repository path validated successfully
2023-02-14 18:41:32,854 Input report folder path validated successfully
2023-02-14 18:41:32,854 Extracting FunctionExtract/condition_checker.py
2023-02-14 18:41:32,860 Extracting FunctionExtract/extractor_log.py
2023-02-14 18:41:32,864 Extracting FunctionExtract/extractor_cmd.py
2023-02-14 18:41:32,869 Extracting FunctionExtract/core_extractor.py
2023-02-14 18:41:32,875 Extracting FunctionExtract/__init__.py
2023-02-14 18:41:32,878 Extracting FunctionExtract/__main__.py
2023-02-14 18:41:32,882 Extraction process took 0.0 minutes
2023-02-14 18:41:32,882 6 vaild files has been analysed
2023-02-14 18:42:24,846 Input repository path validated successfully
2023-02-14 18:42:24,846 Input report folder path validated successfully
2023-02-14 18:42:24,846 Input repository path validated successfully
2023-02-14 18:42:24,846 Input report folder path validated successfully
2023-02-14 18:42:24,846 Extracting FunctionExtract/condition_checker.py
2023-02-14 18:42:24,851 Extracting FunctionExtract/extractor_log.py
2023-02-14 18:42:24,856 Extracting FunctionExtract/extractor_cmd.py
2023-02-14 18:42:24,860 Extracting FunctionExtract/core_extractor.py
2023-02-14 18:42:24,866 Extracting FunctionExtract/__init__.py
2023-02-14 18:42:24,870 Extracting FunctionExtract/__main__.py
2023-02-14 18:42:24,874 Extraction process took 0.0 minutes
2023-02-14 18:42:24,874 6 vaild files has been analysed
2023-02-14 18:42:30,951 Input repository path validated successfully
2023-02-14 18:42:30,951 Input report folder path validated successfully
2023-02-14 18:42:30,951 Input repository path validated successfully
2023-02-14 18:42:30,951 Input report folder path validated successfully
2023-02-14 18:42:30,952 Extracting FunctionExtract/condition_checker.py
2023-02-14 18:42:30,957 Extracting FunctionExtract/extractor_log.py
2023-02-14 18:42:30,961 Extracting FunctionExtract/extractor_cmd.py
2023-02-14 18:42:30,966 Extracting FunctionExtract/core_extractor.py
2023-02-14 18:42:30,972 Extracting FunctionExtract/__init__.py
2023-02-14 18:42:30,975 Extracting FunctionExtract/__main__.py
2023-02-14 18:42:30,980 Extraction process took 0.0 minutes
2023-02-14 18:42:30,980 6 vaild files has been analysed
2023-02-14 18:42:47,921 Input repository path validated successfully
2023-02-14 18:42:47,921 Input report folder path validated successfully
2023-02-14 18:42:47,921 Input repository path validated successfully
2023-02-14 18:42:47,921 Input report folder path validated successfully
2023-02-14 18:42:47,921 Extracting FunctionExtract/condition_checker.py
2023-02-14 18:42:47,927 Extracting FunctionExtract/extractor_log.py
2023-02-14 18:42:47,931 Extracting FunctionExtract/extractor_cmd.py
2023-02-14 18:42:47,936 Extracting FunctionExtract/core_extractor.py
2023-02-14 18:42:47,942 Extracting FunctionExtract/__init__.py
2023-02-14 18:42:47,945 Extracting FunctionExtract/__main__.py
2023-02-14 18:42:47,950 Extraction process took 0.0 minutes
2023-02-14 18:42:47,950 6 vaild files has been analysed
2023-02-14 18:44:49,868 Input repository path validated successfully
2023-02-14 18:44:49,868 Input report folder path validated successfully
2023-02-14 18:44:49,868 Input repository path validated successfully
2023-02-14 18:44:49,868 Input report folder path validated successfully
2023-02-14 18:44:49,868 Extracting test/rp.cpp
2023-02-14 18:44:49,875 Extraction process took 0.0 minutes
2023-02-14 18:44:49,875 1 vaild files has been analysed
2023-02-14 20:10:55,602 Input repository path validated successfully
2023-02-14 20:10:55,602 Input report folder path validated successfully
2023-02-14 20:10:55,602 Input repository path validated successfully
2023-02-14 20:10:55,602 Input report folder path validated successfully
2023-02-14 20:10:55,603 Extracting FunctionExtract/condition_checker.py
2023-02-14 20:10:55,608 Extracting FunctionExtract/extractor_log.py
2023-02-14 20:10:55,612 Extracting FunctionExtract/extractor_cmd.py
2023-02-14 20:10:55,617 Extracting FunctionExtract/core_extractor.py
2023-02-14 20:10:55,622 Extracting FunctionExtract/__init__.py
2023-02-14 20:10:55,626 Extracting FunctionExtract/__main__.py
2023-02-14 20:10:55,630 Extraction process took 0.0 minutes
2023-02-14 20:10:55,630 6 vaild files has been analysed
2023-02-14 20:13:29,088 Input repository path validated successfully
2023-02-14 20:13:29,088 Input report folder path validated successfully
2023-02-14 20:13:29,088 Input repository path validated successfully
2023-02-14 20:13:29,088 Input report folder path validated successfully
2023-02-14 20:13:29,088 Extracting test/rp.cpp
2023-02-14 20:13:45,289 Input repository path validated successfully
2023-02-14 20:13:45,289 Input report folder path validated successfully
2023-02-14 20:13:45,289 Input repository path validated successfully
2023-02-14 20:13:45,289 Input report folder path validated successfully
2023-02-14 20:13:45,289 Extracting test/rp.cpp
2023-02-14 20:13:45,296 Extraction process took 0.0 minutes
2023-02-14 20:13:45,296 1 vaild files has been analysed
2023-02-14 20:28:50,228 Input repository path validated successfully
2023-02-14 20:28:50,228 Input report folder path validated successfully
2023-02-14 20:28:50,228 Input repository path validated successfully
2023-02-14 20:28:50,228 Input report folder path validated successfully
2023-02-14 20:28:50,228 Extracting test/rp.cpp
2023-02-14 20:28:50,235 Extraction process took 0.0 minutes
2023-02-14 20:28:50,235 1 vaild files has been analysed
2023-02-14 20:28:55,866 Input repository path validated successfully
2023-02-14 20:28:55,866 Input report folder path validated successfully
2023-02-14 20:28:55,866 Input repository path validated successfully
2023-02-14 20:28:55,867 Input report folder path validated successfully
2023-02-14 20:28:55,867 Extracting test/rp.cpp
2023-02-14 20:28:55,874 Extraction process took 0.0 minutes
2023-02-14 20:28:55,874 1 vaild files has been analysed
2023-02-14 20:29:17,409 Input repository path validated successfully
2023-02-14 20:29:17,409 Input report folder path validated successfully
2023-02-14 20:29:17,410 Input repository path validated successfully
2023-02-14 20:29:17,410 Input report folder path validated successfully
2023-02-14 20:29:17,410 Extracting FunctionExtract/condition_checker.py
2023-02-14 20:29:17,415 Extracting FunctionExtract/extractor_log.py
2023-02-14 20:29:17,420 Extracting FunctionExtract/extractor_cmd.py
2023-02-14 20:29:17,425 Extracting FunctionExtract/core_extractor.py
2023-02-14 20:29:17,431 Extracting FunctionExtract/__init__.py
2023-02-14 20:29:17,435 Extracting FunctionExtract/__main__.py
2023-02-14 20:29:17,439 Extraction process took 0.0 minutes
2023-02-14 20:29:17,440 6 vaild files has been analysed
2023-02-14 21:24:21,913 Input repository path validated successfully
2023-02-14 21:24:21,914 Input report folder path validated successfully
2023-02-14 21:24:21,914 Input repository path validated successfully
2023-02-14 21:24:21,914 Input report folder path validated successfully
2023-02-14 21:24:21,914 Extracting FunctionExtract/condition_checker.py
2023-02-14 21:24:21,919 Extracting FunctionExtract/extractor_log.py
2023-02-14 21:24:21,924 Extracting FunctionExtract/extractor_cmd.py
2023-02-14 21:24:21,928 Extracting FunctionExtract/core_extractor.py
2023-02-14 21:24:21,934 Extracting FunctionExtract/__init__.py
2023-02-14 21:24:21,938 Extracting FunctionExtract/__main__.py
2023-02-14 21:24:21,942 Extraction process took 0.0 minutes
2023-02-14 21:24:21,942 6 vaild files has been analysed
2023-02-14 21:24:28,223 Input repository path validated successfully
2023-02-14 21:24:28,223 Input report folder path validated successfully
2023-02-14 21:24:28,223 Input repository path validated successfully
2023-02-14 21:24:28,223 Input report folder path validated successfully
2023-02-14 21:24:28,223 Extracting FunctionExtract/condition_checker.py
2023-02-14 21:24:28,228 Extracting FunctionExtract/extractor_log.py
2023-02-14 21:24:28,233 Extracting FunctionExtract/extractor_cmd.py
2023-02-14 21:24:28,237 Extracting FunctionExtract/core_extractor.py
2023-02-14 21:24:28,243 Extracting FunctionExtract/__init__.py
2023-02-14 21:24:28,247 Extracting FunctionExtract/__main__.py
2023-02-14 21:24:28,251 Extraction process took 0.0 minutes
2023-02-14 21:24:28,251 6 vaild files has been analysed
2023-02-14 21:24:35,627 Input repository path validated successfully
2023-02-14 21:24:35,627 Input report folder path validated successfully
2023-02-14 21:24:35,627 Input repository path validated successfully
2023-02-14 21:24:35,627 Input report folder path validated successfully
2023-02-14 21:24:35,627 Extracting FunctionExtract/condition_checker.py
2023-02-14 21:24:35,632 Extracting FunctionExtract/extractor_log.py
2023-02-14 21:24:35,637 Extracting FunctionExtract/extractor_cmd.py
2023-02-14 21:24:35,641 Extracting FunctionExtract/core_extractor.py
2023-02-14 21:24:35,647 Extracting FunctionExtract/__init__.py
2023-02-14 21:24:35,650 Extracting FunctionExtract/__main__.py
2023-02-14 21:24:35,655 Extraction process took 0.0 minutes
2023-02-14 21:24:35,655 6 vaild files has been analysed
2023-02-14 21:24:57,903 Input repository path validated successfully
2023-02-14 21:24:57,903 Input report folder path validated successfully
2023-02-14 21:24:57,903 Input repository path validated successfully
2023-02-14 21:24:57,903 Input report folder path validated successfully
2023-02-14 21:24:57,903 Extracting FunctionExtract/condition_checker.py
2023-02-14 21:24:57,908 Extracting FunctionExtract/extractor_log.py
2023-02-14 21:24:57,913 Extracting FunctionExtract/extractor_cmd.py
2023-02-14 21:24:57,918 Extracting FunctionExtract/core_extractor.py
2023-02-14 21:24:57,924 Extracting FunctionExtract/__init__.py
2023-02-14 21:24:57,927 Extracting FunctionExtract/__main__.py
2023-02-14 21:24:57,932 Extraction process took 0.0 minutes
2023-02-14 21:24:57,932 6 vaild files has been analysed
2023-02-14 21:27:27,700 Input repository path validated successfully
2023-02-14 21:27:27,700 Input report folder path validated successfully
2023-02-14 21:27:27,700 Input repository path validated successfully
2023-02-14 21:27:27,700 Input report folder path validated successfully
2023-02-14 21:27:27,700 Extracting FunctionExtract/condition_checker.py
2023-02-14 21:27:27,705 Extracting FunctionExtract/extractor_log.py
2023-02-14 21:27:27,710 Extracting FunctionExtract/extractor_cmd.py
2023-02-14 21:27:27,715 Extracting FunctionExtract/core_extractor.py
2023-02-14 21:27:27,721 Extracting FunctionExtract/__init__.py
2023-02-14 21:27:27,724 Extracting FunctionExtract/__main__.py
2023-02-14 21:27:27,728 Extraction process took 0.0 minutes
2023-02-14 21:27:27,729 6 vaild files has been analysed
2023-02-14 21:27:37,108 Input repository path validated successfully
2023-02-14 21:27:37,108 Input report folder path validated successfully
2023-02-14 21:27:37,108 Input repository path validated successfully
2023-02-14 21:27:37,108 Input report folder path validated successfully
2023-02-14 21:27:37,108 Extracting FunctionExtract/condition_checker.py
2023-02-14 21:27:37,114 Extracting FunctionExtract/extractor_log.py
2023-02-14 21:27:37,118 Extracting FunctionExtract/extractor_cmd.py
2023-02-14 21:27:37,123 Extracting FunctionExtract/core_extractor.py
2023-02-14 21:27:37,128 Extracting FunctionExtract/__init__.py
2023-02-14 21:27:37,132 Extracting FunctionExtract/__main__.py
2023-02-14 21:27:37,136 Extraction process took 0.0 minutes
2023-02-14 21:27:37,136 6 vaild files has been analysed
2023-02-14 21:28:00,378 Input repository path validated successfully
2023-02-14 21:28:00,378 Input report folder path validated successfully
2023-02-14 21:28:00,378 Input repository path validated successfully
2023-02-14 21:28:00,378 Input report folder path validated successfully
2023-02-14 21:28:00,378 Extracting FunctionExtract/condition_checker.py
2023-02-14 21:28:00,383 Extracting FunctionExtract/extractor_log.py
2023-02-14 21:28:00,388 Extracting FunctionExtract/extractor_cmd.py
2023-02-14 21:28:00,392 Extracting FunctionExtract/core_extractor.py
2023-02-14 21:28:00,398 Extracting FunctionExtract/__init__.py
2023-02-14 21:28:00,401 Extracting FunctionExtract/__main__.py
2023-02-14 21:28:00,405 Extraction process took 0.0 minutes
2023-02-14 21:28:00,406 6 vaild files has been analysed
2023-02-14 21:30:17,971 Input repository path validated successfully
2023-02-14 21:30:17,971 Input report folder path validated successfully
2023-02-14 21:30:17,971 Input repository path validated successfully
2023-02-14 21:30:17,971 Input report folder path validated successfully
2023-02-14 21:30:17,971 Extracting FunctionExtract/condition_checker.py
2023-02-14 21:30:17,977 Extracting FunctionExtract/extractor_log.py
2023-02-14 21:30:17,981 Extracting FunctionExtract/extractor_cmd.py
2023-02-14 21:30:17,986 Extracting FunctionExtract/core_extractor.py
2023-02-14 21:30:17,992 Extracting FunctionExtract/__init__.py
2023-02-14 21:30:17,995 Extracting FunctionExtract/__main__.py
2023-02-14 21:30:17,999 Extraction process took 0.0 minutes
2023-02-14 21:30:18,000 6 vaild files has been analysed
2023-02-14 21:30:27,622 Input repository path validated successfully
2023-02-14 21:30:27,622 Input report folder path validated successfully
2023-02-14 21:30:27,622 Input repository path validated successfully
2023-02-14 21:30:27,622 Input report folder path validated successfully
2023-02-14 21:30:27,623 Extracting FunctionExtract/condition_checker.py
2023-02-14 21:30:27,628 Extracting FunctionExtract/extractor_log.py
2023-02-14 21:30:27,632 Extracting FunctionExtract/extractor_cmd.py
2023-02-14 21:30:27,637 Extracting FunctionExtract/core_extractor.py
2023-02-14 21:30:27,643 Extracting FunctionExtract/__init__.py
2023-02-14 21:30:27,646 Extracting FunctionExtract/__main__.py
2023-02-14 21:30:27,650 Extraction process took 0.0 minutes
2023-02-14 21:30:27,650 6 vaild files has been analysed
2023-02-14 21:31:56,362 Input repository path validated successfully
2023-02-14 21:31:56,362 Input report folder path validated successfully
2023-02-14 21:31:56,362 Input repository path validated successfully
2023-02-14 21:31:56,362 Input report folder path validated successfully
2023-02-14 21:31:56,362 Extracting FunctionExtract/condition_checker.py
2023-02-14 21:31:56,367 Extracting FunctionExtract/extractor_log.py
2023-02-14 21:31:56,372 Extracting FunctionExtract/extractor_cmd.py
2023-02-14 21:31:56,377 Extracting FunctionExtract/core_extractor.py
2023-02-14 21:31:56,383 Extracting FunctionExtract/__init__.py
2023-02-14 21:31:56,386 Extracting FunctionExtract/__main__.py
2023-02-14 21:31:56,391 Extraction process took 0.0 minutes
2023-02-14 21:31:56,391 6 vaild files has been analysed
2023-02-14 21:33:56,631 Input repository path validated successfully
2023-02-14 21:33:56,631 Input report folder path validated successfully
2023-02-14 21:33:56,631 Input repository path validated successfully
2023-02-14 21:33:56,631 Input report folder path validated successfully
2023-02-14 21:33:56,631 Extracting test/rp.cpp
2023-02-14 21:33:56,638 Extraction process took 0.0 minutes
2023-02-14 21:33:56,638 1 vaild files has been analysed
2023-02-14 21:36:40,684 Input repository path validated successfully
2023-02-14 21:36:40,684 Input report folder path validated successfully
2023-02-14 21:36:40,684 Input repository path validated successfully
2023-02-14 21:36:40,684 Input report folder path validated successfully
2023-02-14 21:36:40,685 Extracting test/rp.cpp
2023-02-14 21:36:40,691 Extraction process took 0.0 minutes
2023-02-14 21:36:40,691 1 vaild files has been analysed
2023-02-14 21:49:40,957 Input repository path validated successfully
2023-02-14 21:49:40,957 Input report folder path validated successfully
2023-02-14 21:49:40,957 Input repository path validated successfully
2023-02-14 21:49:40,957 Input report folder path validated successfully
2023-02-14 21:49:40,957 Extracting test/rp.cpp
2023-02-14 21:49:40,964 Extraction process took 0.0 minutes
2023-02-14 21:49:40,964 1 vaild files has been analysed
2023-02-14 21:51:23,089 Input repository path validated successfully
2023-02-14 21:51:23,089 Input report folder path validated successfully
2023-02-14 21:51:23,089 Input repository path validated successfully
2023-02-14 21:51:23,089 Input report folder path validated successfully
2023-02-14 21:51:23,089 Extracting test/rp.cpp
2023-02-14 21:51:23,096 Extraction process took 0.0 minutes
2023-02-14 21:51:23,096 1 vaild files has been analysed
2023-02-14 21:58:29,726 Input repository path validated successfully
2023-02-14 21:58:29,726 Input report folder path validated successfully
2023-02-14 21:58:29,726 Input repository path validated successfully
2023-02-14 21:58:29,726 Input report folder path validated successfully
2023-02-14 21:58:29,726 Extracting test/rp.cpp
2023-02-14 21:58:29,733 Extraction process took 0.0 minutes
2023-02-14 21:58:29,733 1 vaild files has been analysed
2023-02-14 21:58:40,368 Input repository path validated successfully
2023-02-14 21:58:40,368 Input report folder path validated successfully
2023-02-14 21:58:40,368 Input repository path validated successfully
2023-02-14 21:58:40,368 Input report folder path validated successfully
2023-02-14 21:58:40,368 Extracting test/rp.cpp
2023-02-14 21:58:40,375 Extraction process took 0.0 minutes
2023-02-14 21:58:40,375 1 vaild files has been analysed
2023-02-14 22:20:50,476 Input repository path validated successfully
2023-02-14 22:20:50,476 Input report folder path validated successfully
2023-02-14 22:20:50,476 Input repository path validated successfully
2023-02-14 22:20:50,476 Input report folder path validated successfully
2023-02-14 22:20:50,477 Extracting test/rp.cpp
2023-02-14 22:20:50,483 Extraction process took 0.0 minutes
2023-02-14 22:20:50,483 1 vaild files has been analysed
2023-02-14 22:21:45,486 Input repository path validated successfully
2023-02-14 22:21:45,486 Input report folder path validated successfully
2023-02-14 22:21:45,486 Input repository path validated successfully
2023-02-14 22:21:45,486 Input report folder path validated successfully
2023-02-14 22:21:45,486 Extracting test/rp.cpp
2023-02-14 22:21:45,493 Extraction process took 0.0 minutes
2023-02-14 22:21:45,493 1 vaild files has been analysed
2023-02-14 22:23:16,310 Input repository path validated successfully
2023-02-14 22:23:16,310 Input report folder path validated successfully
2023-02-14 22:23:16,310 Input repository path validated successfully
2023-02-14 22:23:16,310 Input report folder path validated successfully
2023-02-14 22:23:16,310 Extracting test/rp.cpp
2023-02-14 22:23:16,317 Extraction process took 0.0 minutes
2023-02-14 22:23:16,317 1 vaild files has been analysed
2023-02-14 22:23:45,472 Input repository path validated successfully
2023-02-14 22:23:45,472 Input report folder path validated successfully
2023-02-14 22:23:45,472 Input repository path validated successfully
2023-02-14 22:23:45,472 Input report folder path validated successfully
2023-02-14 22:23:45,472 Extracting test/rp.cpp
2023-02-14 22:23:45,479 Extraction process took 0.0 minutes
2023-02-14 22:23:45,479 1 vaild files has been analysed
2023-02-14 22:24:01,790 Input repository path validated successfully
2023-02-14 22:24:01,790 Input report folder path validated successfully
2023-02-14 22:24:01,790 Input repository path validated successfully
2023-02-14 22:24:01,790 Input report folder path validated successfully
2023-02-14 22:24:01,790 Extracting test/rp.cpp
2023-02-14 22:24:01,796 Extraction process took 0.0 minutes
2023-02-14 22:24:01,797 1 vaild files has been analysed
2023-02-14 22:25:01,609 Input repository path validated successfully
2023-02-14 22:25:01,609 Input report folder path validated successfully
2023-02-14 22:25:01,609 Input repository path validated successfully
2023-02-14 22:25:01,609 Input report folder path validated successfully
2023-02-14 22:25:01,609 Extracting test/rp.cpp
2023-02-14 22:25:01,616 Extraction process took 0.0 minutes
2023-02-14 22:25:01,616 1 vaild files has been analysed
2023-02-14 22:25:18,837 Input repository path validated successfully
2023-02-14 22:25:18,837 Input report folder path validated successfully
2023-02-14 22:25:18,837 Input repository path validated successfully
2023-02-14 22:25:18,838 Input report folder path validated successfully
2023-02-14 22:25:18,838 Extracting test/rp.cpp
2023-02-14 22:25:18,844 Extraction process took 0.0 minutes
2023-02-14 22:25:18,845 1 vaild files has been analysed
2023-02-14 22:29:30,621 Input repository path validated successfully
2023-02-14 22:29:30,621 Input report folder path validated successfully
2023-02-14 22:29:30,621 Input repository path validated successfully
2023-02-14 22:29:30,621 Input report folder path validated successfully
2023-02-14 22:29:30,621 Extracting test/rp.cpp
2023-02-14 22:29:30,627 Extraction process took 0.0 minutes
2023-02-14 22:29:30,628 1 vaild files has been analysed
2023-02-14 22:29:54,893 Input repository path validated successfully
2023-02-14 22:29:54,893 Input report folder path validated successfully
2023-02-14 22:29:54,893 Input repository path validated successfully
2023-02-14 22:29:54,893 Input report folder path validated successfully
2023-02-14 22:29:54,893 Extracting test/rp_mod.cpp
2023-02-14 22:29:54,897 Extracting test/rp.cpp
2023-02-14 22:29:54,904 Extraction process took 0.0 minutes
2023-02-14 22:29:54,904 2 vaild files has been analysed
2023-02-14 22:31:08,604 Input repository path validated successfully
2023-02-14 22:31:08,604 Input report folder path validated successfully
2023-02-14 22:31:08,604 Input repository path validated successfully
2023-02-14 22:31:08,604 Input report folder path validated successfully
2023-02-14 22:31:08,605 Extracting test/rp_mod.cpp
2023-02-14 22:31:08,611 Extracting test/rp.cpp
2023-02-14 22:31:08,617 Extraction process took 0.0 minutes
2023-02-14 22:31:08,617 2 vaild files has been analysed
2023-02-14 22:31:49,676 Input repository path validated successfully
2023-02-14 22:31:49,676 Input report folder path validated successfully
2023-02-14 22:31:49,676 Input repository path validated successfully
2023-02-14 22:31:49,676 Input report folder path validated successfully
2023-02-14 22:31:49,676 Extracting test/rp_mod.cpp
2023-02-14 22:31:49,682 Extracting test/rp.cpp
2023-02-14 22:31:49,688 Extraction process took 0.0 minutes
2023-02-14 22:31:49,688 2 vaild files has been analysed
2023-02-14 22:32:07,338 Input repository path validated successfully
2023-02-14 22:32:07,338 Input report folder path validated successfully
2023-02-14 22:32:07,338 Input repository path validated successfully
2023-02-14 22:32:07,338 Input report folder path validated successfully
2023-02-14 22:32:07,338 Extracting test/rp.cpp
2023-02-14 22:32:07,345 Extraction process took 0.0 minutes
2023-02-14 22:32:07,345 1 vaild files has been analysed
2023-02-14 22:35:41,112 Input repository path validated successfully
2023-02-14 22:35:41,112 Input report folder path validated successfully
2023-02-14 22:35:41,112 Input repository path validated successfully
2023-02-14 22:35:41,112 Input report folder path validated successfully
2023-02-14 22:35:41,112 Extracting test/rp.cpp
2023-02-14 22:35:41,119 Extraction process took 0.0 minutes
2023-02-14 22:35:41,119 1 vaild files has been analysed
2023-02-15 03:49:50,499 Input repository path validated successfully
2023-02-15 03:49:50,499 Input report folder path validated successfully
2023-02-15 03:49:50,499 Input repository path validated successfully
2023-02-15 03:49:50,499 Input report folder path validated successfully
2023-02-15 03:49:50,500 Extracting FunctionExtract/condition_checker.py
2023-02-15 03:49:50,507 Extracting FunctionExtract/extractor_log.py
2023-02-15 03:49:50,513 Extracting FunctionExtract/extractor_cmd.py
2023-02-15 03:49:50,520 Extracting FunctionExtract/core_extractor.py
2023-02-15 03:49:50,528 Extracting FunctionExtract/__init__.py
2023-02-15 03:49:50,533 Extracting FunctionExtract/__main__.py
2023-02-15 03:49:50,539 Extraction process took 0.001 minutes
2023-02-15 03:49:50,540 6 vaild files has been analysed
2023-02-15 03:49:50,547 Input repository path validated successfully
2023-02-15 03:49:50,547 Input report folder path validated successfully
2023-02-15 03:49:50,547 Input repository path validated successfully
2023-02-15 03:49:50,547 Input report folder path validated successfully
2023-02-15 03:49:50,548 Extracting FunctionExtract/condition_checker.py
2023-02-15 03:49:50,555 Extracting FunctionExtract/extractor_log.py
2023-02-15 03:49:50,561 Extracting FunctionExtract/extractor_cmd.py
2023-02-15 03:49:50,568 Extracting FunctionExtract/core_extractor.py
2023-02-15 03:49:50,576 Extracting FunctionExtract/__init__.py
2023-02-15 03:49:50,581 Extracting FunctionExtract/__main__.py
2023-02-15 03:49:50,587 Extraction process took 0.001 minutes
2023-02-15 03:49:50,588 6 vaild files has been analysed
2023-02-15 04:03:26,954 Input repository path validated successfully
2023-02-15 04:03:26,954 Input report folder path validated successfully
2023-02-15 04:03:26,954 Input repository path validated successfully
2023-02-15 04:03:26,954 Input report folder path validated successfully
2023-02-15 04:03:26,954 Extracting FunctionExtract/condition_checker.py
2023-02-15 04:03:26,961 Extracting FunctionExtract/extractor_log.py
2023-02-15 04:03:26,968 Extracting FunctionExtract/extractor_cmd.py
2023-02-15 04:03:26,975 Extracting FunctionExtract/core_extractor.py
2023-02-15 04:03:26,983 Extracting FunctionExtract/__init__.py
2023-02-15 04:03:26,988 Extracting FunctionExtract/__main__.py
2023-02-15 04:03:26,994 Extraction process took 0.001 minutes
2023-02-15 04:03:26,994 6 vaild files has been analysed
2023-02-15 04:03:27,002 Input repository path validated successfully
2023-02-15 04:03:27,002 Input report folder path validated successfully
2023-02-15 04:03:27,002 Input repository path validated successfully
2023-02-15 04:03:27,002 Input report folder path validated successfully
2023-02-15 04:03:27,002 Extracting FunctionExtract/condition_checker.py
2023-02-15 04:03:27,009 Extracting FunctionExtract/extractor_log.py
2023-02-15 04:03:27,016 Extracting FunctionExtract/extractor_cmd.py
2023-02-15 04:03:27,022 Extracting FunctionExtract/core_extractor.py
2023-02-15 04:03:27,030 Extracting FunctionExtract/__init__.py
2023-02-15 04:03:27,035 Extracting FunctionExtract/__main__.py
2023-02-15 04:03:27,041 Extraction process took 0.001 minutes
2023-02-15 04:03:27,042 6 vaild files has been analysed
2023-02-15 04:04:07,259 Input repository path validated successfully
2023-02-15 04:04:07,259 Input report folder path validated successfully
2023-02-15 04:04:07,259 Input repository path validated successfully
2023-02-15 04:04:07,259 Input report folder path validated successfully
2023-02-15 04:04:07,259 Extracting FunctionExtract/condition_checker.py
2023-02-15 04:04:07,266 Extracting FunctionExtract/extractor_log.py
2023-02-15 04:04:07,273 Extracting FunctionExtract/extractor_cmd.py
2023-02-15 04:04:07,279 Extracting FunctionExtract/core_extractor.py
2023-02-15 04:04:07,287 Extracting FunctionExtract/__init__.py
2023-02-15 04:04:07,293 Extracting FunctionExtract/__main__.py
2023-02-15 04:04:07,299 Extraction process took 0.001 minutes
2023-02-15 04:04:07,299 6 vaild files has been analysed
2023-02-15 04:04:07,307 Input repository path validated successfully
2023-02-15 04:04:07,307 Input report folder path validated successfully
2023-02-15 04:04:07,307 Input repository path validated successfully
2023-02-15 04:04:07,307 Input report folder path validated successfully
2023-02-15 04:04:07,307 Extracting FunctionExtract/condition_checker.py
2023-02-15 04:04:07,314 Extracting FunctionExtract/extractor_log.py
2023-02-15 04:04:07,320 Extracting FunctionExtract/extractor_cmd.py
2023-02-15 04:04:07,327 Extracting FunctionExtract/core_extractor.py
2023-02-15 04:04:07,335 Extracting FunctionExtract/__init__.py
2023-02-15 04:04:07,340 Extracting FunctionExtract/__main__.py
2023-02-15 04:04:07,346 Extraction process took 0.001 minutes
2023-02-15 04:04:07,346 6 vaild files has been analysed
2023-02-15 04:04:32,429 Input repository path validated successfully
2023-02-15 04:04:32,429 Input report folder path validated successfully
2023-02-15 04:04:32,429 Input repository path validated successfully
2023-02-15 04:04:32,429 Input report folder path validated successfully
2023-02-15 04:04:32,430 Extracting FunctionExtract/condition_checker.py
2023-02-15 04:04:32,437 Extracting FunctionExtract/extractor_log.py
2023-02-15 04:04:32,443 Extracting FunctionExtract/extractor_cmd.py
2023-02-15 04:04:32,450 Extracting FunctionExtract/core_extractor.py
2023-02-15 04:04:32,457 Extracting FunctionExtract/__init__.py
2023-02-15 04:04:32,462 Extracting FunctionExtract/__main__.py
2023-02-15 04:04:32,469 Extraction process took 0.001 minutes
2023-02-15 04:04:32,469 6 vaild files has been analysed
2023-02-15 04:04:32,477 Input repository path validated successfully
2023-02-15 04:04:32,477 Input report folder path validated successfully
2023-02-15 04:04:32,477 Input repository path validated successfully
2023-02-15 04:04:32,477 Input report folder path validated successfully
2023-02-15 04:04:32,477 Extracting FunctionExtract/condition_checker.py
2023-02-15 04:04:32,484 Extracting FunctionExtract/extractor_log.py
2023-02-15 04:04:32,490 Extracting FunctionExtract/extractor_cmd.py
2023-02-15 04:04:32,497 Extracting FunctionExtract/core_extractor.py
2023-02-15 04:04:32,505 Extracting FunctionExtract/__init__.py
2023-02-15 04:04:32,510 Extracting FunctionExtract/__main__.py
2023-02-15 04:04:32,516 Extraction process took 0.001 minutes
2023-02-15 04:04:32,516 6 vaild files has been analysed
2023-02-15 04:04:38,044 Input repository path validated successfully
2023-02-15 04:04:38,044 Input report folder path validated successfully
2023-02-15 04:04:38,044 Input repository path validated successfully
2023-02-15 04:04:38,044 Input report folder path validated successfully
2023-02-15 04:04:38,044 Extracting FunctionExtract/condition_checker.py
2023-02-15 04:04:38,051 Extracting FunctionExtract/extractor_log.py
2023-02-15 04:04:38,058 Extracting FunctionExtract/extractor_cmd.py
2023-02-15 04:04:38,064 Extracting FunctionExtract/core_extractor.py
2023-02-15 04:04:38,072 Extracting FunctionExtract/__init__.py
2023-02-15 04:04:38,077 Extracting FunctionExtract/__main__.py
2023-02-15 04:04:38,083 Extraction process took 0.001 minutes
2023-02-15 04:04:38,084 6 vaild files has been analysed
2023-02-15 04:04:38,091 Input repository path validated successfully
2023-02-15 04:04:38,091 Input report folder path validated successfully
2023-02-15 04:04:38,091 Input repository path validated successfully
2023-02-15 04:04:38,091 Input report folder path validated successfully
2023-02-15 04:04:38,092 Extracting FunctionExtract/condition_checker.py
2023-02-15 04:04:38,099 Extracting FunctionExtract/extractor_log.py
2023-02-15 04:04:38,105 Extracting FunctionExtract/extractor_cmd.py
2023-02-15 04:04:38,112 Extracting FunctionExtract/core_extractor.py
2023-02-15 04:04:38,120 Extracting FunctionExtract/__init__.py
2023-02-15 04:04:38,125 Extracting FunctionExtract/__main__.py
2023-02-15 04:04:38,131 Extraction process took 0.001 minutes
2023-02-15 04:04:38,131 6 vaild files has been analysed
2023-02-15 04:04:47,404 Input repository path validated successfully
2023-02-15 04:04:47,404 Input report folder path validated successfully
2023-02-15 04:04:47,404 Input repository path validated successfully
2023-02-15 04:04:47,404 Input report folder path validated successfully
2023-02-15 04:04:47,404 Extracting FunctionExtract/condition_checker.py
2023-02-15 04:04:47,411 Extracting FunctionExtract/extractor_log.py
2023-02-15 04:04:47,418 Extracting FunctionExtract/extractor_cmd.py
2023-02-15 04:04:47,424 Extracting FunctionExtract/core_extractor.py
2023-02-15 04:04:47,432 Extracting FunctionExtract/__init__.py
2023-02-15 04:04:47,437 Extracting FunctionExtract/__main__.py
2023-02-15 04:04:47,444 Extraction process took 0.001 minutes
2023-02-15 04:04:47,444 6 vaild files has been analysed
2023-02-15 04:04:47,451 Input repository path validated successfully
2023-02-15 04:04:47,452 Input report folder path validated successfully
2023-02-15 04:04:47,452 Input repository path validated successfully
2023-02-15 04:04:47,452 Input report folder path validated successfully
2023-02-15 04:04:47,452 Extracting FunctionExtract/condition_checker.py
2023-02-15 04:04:47,459 Extracting FunctionExtract/extractor_log.py
2023-02-15 04:04:47,465 Extracting FunctionExtract/extractor_cmd.py
2023-02-15 04:04:47,472 Extracting FunctionExtract/core_extractor.py
2023-02-15 04:04:47,480 Extracting FunctionExtract/__init__.py
2023-02-15 04:04:47,485 Extracting FunctionExtract/__main__.py
2023-02-15 04:04:47,491 Extraction process took 0.001 minutes
2023-02-15 04:04:47,491 6 vaild files has been analysed
2023-02-15 04:08:28,537 Input repository path validated successfully
2023-02-15 04:08:28,537 Input report folder path validated successfully
2023-02-15 04:08:28,537 Input repository path validated successfully
2023-02-15 04:08:28,537 Input report folder path validated successfully
2023-02-15 04:08:28,537 Extracting FunctionExtract/condition_checker.py
2023-02-15 04:08:28,545 Extracting FunctionExtract/extractor_log.py
2023-02-15 04:08:28,551 Extracting FunctionExtract/extractor_cmd.py
2023-02-15 04:08:28,558 Extracting FunctionExtract/core_extractor.py
2023-02-15 04:08:28,565 Extracting FunctionExtract/__init__.py
2023-02-15 04:08:28,570 Extracting FunctionExtract/__main__.py
2023-02-15 04:08:28,577 Extraction process took 0.001 minutes
2023-02-15 04:08:28,577 6 vaild files has been analysed
2023-02-15 04:08:28,585 Input repository path validated successfully
2023-02-15 04:08:28,585 Input report folder path validated successfully
2023-02-15 04:08:28,585 Input repository path validated successfully
2023-02-15 04:08:28,585 Input report folder path validated successfully
2023-02-15 04:08:28,585 Extracting FunctionExtract/condition_checker.py
2023-02-15 04:08:28,592 Extracting FunctionExtract/extractor_log.py
2023-02-15 04:08:28,599 Extracting FunctionExtract/extractor_cmd.py
2023-02-15 04:08:28,605 Extracting FunctionExtract/core_extractor.py
2023-02-15 04:08:28,613 Extracting FunctionExtract/__init__.py
2023-02-15 04:08:28,618 Extracting FunctionExtract/__main__.py
2023-02-15 04:08:28,625 Extraction process took 0.001 minutes
2023-02-15 04:08:28,625 6 vaild files has been analysed
2023-02-15 04:08:51,781 Input repository path validated successfully
2023-02-15 04:08:51,781 Input report folder path validated successfully
2023-02-15 04:08:51,781 Input repository path validated successfully
2023-02-15 04:08:51,781 Input report folder path validated successfully
2023-02-15 04:08:51,781 Extracting FunctionExtract/condition_checker.py
2023-02-15 04:08:51,789 Extracting FunctionExtract/extractor_log.py
2023-02-15 04:08:51,795 Extracting FunctionExtract/extractor_cmd.py
2023-02-15 04:08:51,802 Extracting FunctionExtract/core_extractor.py
2023-02-15 04:08:51,810 Extracting FunctionExtract/__init__.py
2023-02-15 04:08:51,815 Extracting FunctionExtract/__main__.py
2023-02-15 04:08:51,821 Extraction process took 0.001 minutes
2023-02-15 04:08:51,822 6 vaild files has been analysed
2023-02-15 04:08:51,829 Input repository path validated successfully
2023-02-15 04:08:51,829 Input report folder path validated successfully
2023-02-15 04:08:51,829 Input repository path validated successfully
2023-02-15 04:08:51,830 Input report folder path validated successfully
2023-02-15 04:08:51,830 Extracting FunctionExtract/condition_checker.py
2023-02-15 04:08:51,837 Extracting FunctionExtract/extractor_log.py
2023-02-15 04:08:51,843 Extracting FunctionExtract/extractor_cmd.py
2023-02-15 04:08:51,850 Extracting FunctionExtract/core_extractor.py
2023-02-15 04:08:51,858 Extracting FunctionExtract/__init__.py
2023-02-15 04:08:51,863 Extracting FunctionExtract/__main__.py
2023-02-15 04:08:51,869 Extraction process took 0.001 minutes
2023-02-15 04:08:51,870 6 vaild files has been analysed
2023-02-15 04:09:25,475 Input repository path validated successfully
2023-02-15 04:09:25,475 Input report folder path validated successfully
2023-02-15 04:09:25,476 Input repository path validated successfully
2023-02-15 04:09:25,476 Input report folder path validated successfully
2023-02-15 04:09:25,476 Extracting FunctionExtract/condition_checker.py
2023-02-15 04:09:25,483 Extracting FunctionExtract/extractor_log.py
2023-02-15 04:09:25,490 Extracting FunctionExtract/extractor_cmd.py
2023-02-15 04:09:25,496 Extracting FunctionExtract/core_extractor.py
2023-02-15 04:09:25,504 Extracting FunctionExtract/__init__.py
2023-02-15 04:09:25,509 Extracting FunctionExtract/__main__.py
2023-02-15 04:09:25,516 Extraction process took 0.001 minutes
2023-02-15 04:09:25,516 6 vaild files has been analysed
2023-02-15 04:09:25,524 Input repository path validated successfully
2023-02-15 04:09:25,524 Input report folder path validated successfully
2023-02-15 04:09:25,524 Input repository path validated successfully
2023-02-15 04:09:25,524 Input report folder path validated successfully
2023-02-15 04:09:25,524 Extracting FunctionExtract/condition_checker.py
2023-02-15 04:09:25,531 Extracting FunctionExtract/extractor_log.py
2023-02-15 04:09:25,538 Extracting FunctionExtract/extractor_cmd.py
2023-02-15 04:09:25,544 Extracting FunctionExtract/core_extractor.py
2023-02-15 04:09:25,552 Extracting FunctionExtract/__init__.py
2023-02-15 04:09:25,557 Extracting FunctionExtract/__main__.py
2023-02-15 04:09:25,564 Extraction process took 0.001 minutes
2023-02-15 04:09:25,564 6 vaild files has been analysed
2023-02-15 04:09:53,344 Input repository path validated successfully
2023-02-15 04:09:53,344 Input report folder path validated successfully
2023-02-15 04:09:53,345 Input repository path validated successfully
2023-02-15 04:09:53,345 Input report folder path validated successfully
2023-02-15 04:09:53,345 Extracting FunctionExtract/condition_checker.py
2023-02-15 04:09:53,352 Extracting FunctionExtract/extractor_log.py
2023-02-15 04:09:53,359 Extracting FunctionExtract/extractor_cmd.py
2023-02-15 04:09:53,365 Extracting FunctionExtract/core_extractor.py
2023-02-15 04:09:53,373 Extracting FunctionExtract/__init__.py
2023-02-15 04:09:53,378 Extracting FunctionExtract/__main__.py
2023-02-15 04:09:53,385 Extraction process took 0.001 minutes
2023-02-15 04:09:53,385 6 vaild files has been analysed
2023-02-15 04:09:53,393 Input repository path validated successfully
2023-02-15 04:09:53,393 Input report folder path validated successfully
2023-02-15 04:09:53,393 Input repository path validated successfully
2023-02-15 04:09:53,393 Input report folder path validated successfully
2023-02-15 04:09:53,393 Extracting FunctionExtract/condition_checker.py
2023-02-15 04:09:53,400 Extracting FunctionExtract/extractor_log.py
2023-02-15 04:09:53,407 Extracting FunctionExtract/extractor_cmd.py
2023-02-15 04:09:53,413 Extracting FunctionExtract/core_extractor.py
2023-02-15 04:09:53,421 Extracting FunctionExtract/__init__.py
2023-02-15 04:09:53,426 Extracting FunctionExtract/__main__.py
2023-02-15 04:09:53,433 Extraction process took 0.001 minutes
2023-02-15 04:09:53,433 6 vaild files has been analysed
2023-02-15 04:14:48,376 Input repository path validated successfully
2023-02-15 04:14:48,376 Input report folder path validated successfully
2023-02-15 04:14:48,376 Input repository path validated successfully
2023-02-15 04:14:48,376 Input report folder path validated successfully
2023-02-15 04:14:48,376 Extracting FunctionExtract/condition_checker.py
2023-02-15 04:14:48,384 Extracting FunctionExtract/extractor_log.py
2023-02-15 04:14:48,390 Extracting FunctionExtract/extractor_cmd.py
2023-02-15 04:14:48,397 Extracting FunctionExtract/core_extractor.py
2023-02-15 04:14:48,405 Extracting FunctionExtract/__init__.py
2023-02-15 04:14:48,410 Extracting FunctionExtract/__main__.py
2023-02-15 04:14:48,416 Extraction process took 0.001 minutes
2023-02-15 04:14:48,417 6 vaild files has been analysed
2023-02-15 04:14:48,424 Input repository path validated successfully
2023-02-15 04:14:48,424 Input report folder path validated successfully
2023-02-15 04:14:48,424 Input repository path validated successfully
2023-02-15 04:14:48,424 Input report folder path validated successfully
2023-02-15 04:14:48,425 Extracting FunctionExtract/condition_checker.py
2023-02-15 04:14:48,432 Extracting FunctionExtract/extractor_log.py
2023-02-15 04:14:48,438 Extracting FunctionExtract/extractor_cmd.py
2023-02-15 04:14:48,445 Extracting FunctionExtract/core_extractor.py
2023-02-15 04:14:48,453 Extracting FunctionExtract/__init__.py
2023-02-15 04:14:48,458 Extracting FunctionExtract/__main__.py
2023-02-15 04:14:48,465 Extraction process took 0.001 minutes
2023-02-15 04:14:48,465 6 vaild files has been analysed
2023-02-15 04:39:09,898 Input repository path validated successfully
2023-02-15 04:39:09,898 Input report folder path validated successfully
2023-02-15 04:39:09,898 Input repository path validated successfully
2023-02-15 04:39:09,898 Input report folder path validated successfully
2023-02-15 04:39:09,898 Extracting test/rp.cpp
2023-02-15 04:39:09,907 Extraction process took 0.0 minutes
2023-02-15 04:39:09,907 1 vaild files has been analysed
2023-02-15 04:39:09,913 Input repository path validated successfully
2023-02-15 04:39:09,913 Input report folder path validated successfully
2023-02-15 04:39:09,913 Input repository path validated successfully
2023-02-15 04:39:09,913 Input report folder path validated successfully
2023-02-15 04:39:09,914 Extracting test/rp.cpp
2023-02-15 04:39:09,922 Extraction process took 0.0 minutes
2023-02-15 04:39:09,923 1 vaild files has been analysed
2023-02-15 04:39:09,938 Starting new HTTPS connection (1): huggingface.co:443
2023-02-15 04:39:10,169 https://huggingface.co:443 "HEAD /Salesforce/codet5-base-multi-sum/resolve/main/vocab.json HTTP/1.1" 200 0
2023-02-15 04:39:10,273 Starting new HTTPS connection (1): huggingface.co:443
2023-02-15 04:39:10,481 https://huggingface.co:443 "HEAD /Salesforce/codet5-base-multi-sum/resolve/main/config.json HTTP/1.1" 200 0
2023-02-15 04:39:12,712 Starting new HTTPS connection (1): huggingface.co:443
2023-02-15 04:39:12,934 https://huggingface.co:443 "HEAD /Salesforce/codet5-base-multi-sum/resolve/main/generation_config.json HTTP/1.1" 404 0
2023-02-15 04:41:25,956 Input repository path validated successfully
2023-02-15 04:41:25,956 Input report folder path validated successfully
2023-02-15 04:41:25,956 Input repository path validated successfully
2023-02-15 04:41:25,956 Input report folder path validated successfully
2023-02-15 04:41:25,957 Extracting test/rp.cpp
2023-02-15 04:41:25,967 Extraction process took 0.0 minutes
2023-02-15 04:41:25,968 1 vaild files has been analysed
2023-02-15 04:41:25,974 Input repository path validated successfully
2023-02-15 04:41:25,974 Input report folder path validated successfully
2023-02-15 04:41:25,974 Input repository path validated successfully
2023-02-15 04:41:25,974 Input report folder path validated successfully
2023-02-15 04:41:25,974 Extracting test/rp.cpp
2023-02-15 04:41:25,985 Extraction process took 0.0 minutes
2023-02-15 04:41:25,985 1 vaild files has been analysed
2023-02-15 04:41:25,999 Starting new HTTPS connection (1): huggingface.co:443
2023-02-15 04:41:26,262 https://huggingface.co:443 "HEAD /Salesforce/codet5-base-multi-sum/resolve/main/vocab.json HTTP/1.1" 200 0
2023-02-15 04:41:26,379 Starting new HTTPS connection (1): huggingface.co:443
2023-02-15 04:41:26,596 https://huggingface.co:443 "HEAD /Salesforce/codet5-base-multi-sum/resolve/main/config.json HTTP/1.1" 200 0
2023-02-15 04:41:28,756 Starting new HTTPS connection (1): huggingface.co:443
2023-02-15 04:41:28,977 https://huggingface.co:443 "HEAD /Salesforce/codet5-base-multi-sum/resolve/main/generation_config.json HTTP/1.1" 404 0
2023-02-15 04:42:08,335 Input repository path validated successfully
2023-02-15 04:42:08,335 Input report folder path validated successfully
2023-02-15 04:42:08,335 Input repository path validated successfully
2023-02-15 04:42:08,335 Input report folder path validated successfully
2023-02-15 04:42:08,335 Extracting test/rp.cpp
2023-02-15 04:42:08,346 Extraction process took 0.0 minutes
2023-02-15 04:42:08,346 1 vaild files has been analysed
2023-02-15 04:42:08,352 Input repository path validated successfully
2023-02-15 04:42:08,352 Input report folder path validated successfully
2023-02-15 04:42:08,352 Input repository path validated successfully
2023-02-15 04:42:08,352 Input report folder path validated successfully
2023-02-15 04:42:08,352 Extracting test/rp.cpp
2023-02-15 04:42:08,363 Extraction process took 0.0 minutes
2023-02-15 04:42:08,363 1 vaild files has been analysed
2023-02-15 04:42:08,377 Starting new HTTPS connection (1): huggingface.co:443
2023-02-15 04:42:08,592 https://huggingface.co:443 "HEAD /Salesforce/codet5-base-multi-sum/resolve/main/vocab.json HTTP/1.1" 200 0
2023-02-15 04:42:08,705 Starting new HTTPS connection (1): huggingface.co:443
2023-02-15 04:42:08,927 https://huggingface.co:443 "HEAD /Salesforce/codet5-base-multi-sum/resolve/main/config.json HTTP/1.1" 200 0
2023-02-15 04:42:11,125 Starting new HTTPS connection (1): huggingface.co:443
2023-02-15 04:42:11,348 https://huggingface.co:443 "HEAD /Salesforce/codet5-base-multi-sum/resolve/main/generation_config.json HTTP/1.1" 404 0
2023-02-15 04:43:08,710 Input repository path validated successfully
2023-02-15 04:43:08,710 Input report folder path validated successfully
2023-02-15 04:43:08,710 Input repository path validated successfully
2023-02-15 04:43:08,710 Input report folder path validated successfully
2023-02-15 04:43:08,710 Extracting test/rp.cpp
2023-02-15 04:43:08,721 Extraction process took 0.0 minutes
2023-02-15 04:43:08,721 1 vaild files has been analysed
2023-02-15 04:43:08,727 Input repository path validated successfully
2023-02-15 04:43:08,727 Input report folder path validated successfully
2023-02-15 04:43:08,727 Input repository path validated successfully
2023-02-15 04:43:08,727 Input report folder path validated successfully
2023-02-15 04:43:08,727 Extracting test/rp.cpp
2023-02-15 04:43:08,738 Extraction process took 0.0 minutes
2023-02-15 04:43:08,738 1 vaild files has been analysed
2023-02-15 04:43:08,752 Starting new HTTPS connection (1): huggingface.co:443
2023-02-15 04:43:08,992 https://huggingface.co:443 "HEAD /Salesforce/codet5-base-multi-sum/resolve/main/vocab.json HTTP/1.1" 200 0
2023-02-15 04:43:09,107 Starting new HTTPS connection (1): huggingface.co:443
2023-02-15 04:43:09,311 https://huggingface.co:443 "HEAD /Salesforce/codet5-base-multi-sum/resolve/main/config.json HTTP/1.1" 200 0
2023-02-15 04:43:11,471 Starting new HTTPS connection (1): huggingface.co:443
2023-02-15 04:43:11,671 https://huggingface.co:443 "HEAD /Salesforce/codet5-base-multi-sum/resolve/main/generation_config.json HTTP/1.1" 404 0
2023-02-15 04:49:32,923 Input repository path validated successfully
2023-02-15 04:49:32,923 Input report folder path validated successfully
2023-02-15 04:49:32,923 Input repository path validated successfully
2023-02-15 04:49:32,923 Input report folder path validated successfully
2023-02-15 04:49:32,923 Extracting test/rp_mod.cpp
2023-02-15 04:49:32,934 Extracting test/rp.cpp
2023-02-15 04:49:32,946 Extraction process took 0.0 minutes
2023-02-15 04:49:32,946 2 vaild files has been analysed
2023-02-15 04:49:32,953 Input repository path validated successfully
2023-02-15 04:49:32,953 Input report folder path validated successfully
2023-02-15 04:49:32,953 Input repository path validated successfully
2023-02-15 04:49:32,953 Input report folder path validated successfully
2023-02-15 04:49:32,953 Extracting test/rp_mod.cpp
2023-02-15 04:49:32,964 Extracting test/rp.cpp
2023-02-15 04:49:32,974 Extraction process took 0.0 minutes
2023-02-15 04:49:32,974 2 vaild files has been analysed
2023-02-15 04:49:32,988 Starting new HTTPS connection (1): huggingface.co:443
2023-02-15 04:49:33,245 https://huggingface.co:443 "HEAD /Salesforce/codet5-base-multi-sum/resolve/main/vocab.json HTTP/1.1" 200 0
2023-02-15 04:49:33,361 Starting new HTTPS connection (1): huggingface.co:443
2023-02-15 04:49:33,563 https://huggingface.co:443 "HEAD /Salesforce/codet5-base-multi-sum/resolve/main/config.json HTTP/1.1" 200 0
2023-02-15 04:49:35,759 Starting new HTTPS connection (1): huggingface.co:443
2023-02-15 04:49:35,976 https://huggingface.co:443 "HEAD /Salesforce/codet5-base-multi-sum/resolve/main/generation_config.json HTTP/1.1" 404 0
2023-02-15 04:51:16,364 Input repository path validated successfully
2023-02-15 04:51:16,364 Input report folder path validated successfully
2023-02-15 04:51:16,364 Input repository path validated successfully
2023-02-15 04:51:16,364 Input report folder path validated successfully
2023-02-15 04:51:16,365 Extracting test/rp_mod_mod.cpp
2023-02-15 04:51:16,375 Extracting test/rp_mod.cpp
2023-02-15 04:51:16,385 Extracting test/rp.cpp
2023-02-15 04:51:16,395 Extraction process took 0.001 minutes
2023-02-15 04:51:16,396 3 vaild files has been analysed
2023-02-15 04:51:16,403 Input repository path validated successfully
2023-02-15 04:51:16,403 Input report folder path validated successfully
2023-02-15 04:51:16,403 Input repository path validated successfully
2023-02-15 04:51:16,403 Input report folder path validated successfully
2023-02-15 04:51:16,403 Extracting test/rp_mod_mod.cpp
2023-02-15 04:51:16,414 Extracting test/rp_mod.cpp
2023-02-15 04:51:16,424 Extracting test/rp.cpp
2023-02-15 04:51:16,434 Extraction process took 0.001 minutes
2023-02-15 04:51:16,434 3 vaild files has been analysed
2023-02-15 04:51:16,449 Starting new HTTPS connection (1): huggingface.co:443
2023-02-15 04:51:16,701 https://huggingface.co:443 "HEAD /Salesforce/codet5-base-multi-sum/resolve/main/vocab.json HTTP/1.1" 200 0
2023-02-15 04:51:16,815 Starting new HTTPS connection (1): huggingface.co:443
2023-02-15 04:51:17,186 https://huggingface.co:443 "HEAD /Salesforce/codet5-base-multi-sum/resolve/main/config.json HTTP/1.1" 200 0
2023-02-15 04:51:19,400 Starting new HTTPS connection (1): huggingface.co:443
2023-02-15 04:51:19,622 https://huggingface.co:443 "HEAD /Salesforce/codet5-base-multi-sum/resolve/main/generation_config.json HTTP/1.1" 404 0
2023-02-15 04:56:57,163 Input repository path validated successfully
2023-02-15 04:56:57,163 Input report folder path validated successfully
2023-02-15 04:56:57,163 Input repository path validated successfully
2023-02-15 04:56:57,163 Input report folder path validated successfully
2023-02-15 04:56:57,163 Extracting test/rp_mod.cpp
2023-02-15 04:56:57,174 Extracting test/rp.cpp
2023-02-15 04:56:57,185 Extraction process took 0.0 minutes
2023-02-15 04:56:57,185 2 vaild files has been analysed
2023-02-15 04:56:57,192 Input repository path validated successfully
2023-02-15 04:56:57,192 Input report folder path validated successfully
2023-02-15 04:56:57,192 Input repository path validated successfully
2023-02-15 04:56:57,192 Input report folder path validated successfully
2023-02-15 04:56:57,192 Extracting test/rp_mod.cpp
2023-02-15 04:56:57,203 Extracting test/rp.cpp
2023-02-15 04:56:57,213 Extraction process took 0.0 minutes
2023-02-15 04:56:57,213 2 vaild files has been analysed
2023-02-15 04:56:57,228 Starting new HTTPS connection (1): huggingface.co:443
2023-02-15 04:56:57,461 https://huggingface.co:443 "HEAD /Salesforce/codet5-base-multi-sum/resolve/main/vocab.json HTTP/1.1" 200 0
2023-02-15 04:56:57,542 Starting new HTTPS connection (1): huggingface.co:443
2023-02-15 04:56:57,755 https://huggingface.co:443 "HEAD /Salesforce/codet5-base-multi-sum/resolve/main/config.json HTTP/1.1" 200 0
2023-02-15 04:57:00,850 Starting new HTTPS connection (1): huggingface.co:443
2023-02-15 04:57:01,051 https://huggingface.co:443 "HEAD /Salesforce/codet5-base-multi-sum/resolve/main/generation_config.json HTTP/1.1" 404 0
2023-02-15 04:57:17,002 Input repository path validated successfully
2023-02-15 04:57:17,002 Input report folder path validated successfully
2023-02-15 04:57:17,002 Input repository path validated successfully
2023-02-15 04:57:17,002 Input report folder path validated successfully
2023-02-15 04:57:17,003 Extracting test/rp_mod.cpp
2023-02-15 04:57:17,013 Extracting test/rp.cpp
2023-02-15 04:57:17,023 Extraction process took 0.0 minutes
2023-02-15 04:57:17,023 2 vaild files has been analysed
2023-02-15 04:57:17,030 Input repository path validated successfully
2023-02-15 04:57:17,030 Input report folder path validated successfully
2023-02-15 04:57:17,030 Input repository path validated successfully
2023-02-15 04:57:17,030 Input report folder path validated successfully
2023-02-15 04:57:17,031 Extracting test/rp_mod.cpp
2023-02-15 04:57:17,041 Extracting test/rp.cpp
2023-02-15 04:57:17,051 Extraction process took 0.0 minutes
2023-02-15 04:57:17,051 2 vaild files has been analysed
2023-02-15 04:57:17,066 Starting new HTTPS connection (1): huggingface.co:443
2023-02-15 04:57:17,274 https://huggingface.co:443 "HEAD /Salesforce/codet5-base-multi-sum/resolve/main/vocab.json HTTP/1.1" 200 0
2023-02-15 04:57:17,388 Starting new HTTPS connection (1): huggingface.co:443
2023-02-15 04:57:17,590 https://huggingface.co:443 "HEAD /Salesforce/codet5-base-multi-sum/resolve/main/config.json HTTP/1.1" 200 0
2023-02-15 04:57:19,781 Starting new HTTPS connection (1): huggingface.co:443
2023-02-15 04:57:20,004 https://huggingface.co:443 "HEAD /Salesforce/codet5-base-multi-sum/resolve/main/generation_config.json HTTP/1.1" 404 0
2023-02-15 04:59:08,701 Input repository path validated successfully
2023-02-15 04:59:08,701 Input report folder path validated successfully
2023-02-15 04:59:08,702 Input repository path validated successfully
2023-02-15 04:59:08,702 Input report folder path validated successfully
2023-02-15 04:59:08,702 Extracting test/rp_mod_mod.cpp
2023-02-15 04:59:08,713 Extracting test/rp_mod.cpp
2023-02-15 04:59:08,723 Extracting test/rp.cpp
2023-02-15 04:59:08,733 Extraction process took 0.001 minutes
2023-02-15 04:59:08,733 3 vaild files has been analysed
2023-02-15 04:59:08,740 Input repository path validated successfully
2023-02-15 04:59:08,740 Input report folder path validated successfully
2023-02-15 04:59:08,741 Input repository path validated successfully
2023-02-15 04:59:08,741 Input report folder path validated successfully
2023-02-15 04:59:08,741 Extracting test/rp_mod_mod.cpp
2023-02-15 04:59:08,751 Extracting test/rp_mod.cpp
2023-02-15 04:59:08,762 Extracting test/rp.cpp
2023-02-15 04:59:08,771 Extraction process took 0.001 minutes
2023-02-15 04:59:08,772 3 vaild files has been analysed
2023-02-15 04:59:08,788 Starting new HTTPS connection (1): huggingface.co:443
2023-02-15 04:59:09,033 https://huggingface.co:443 "HEAD /Salesforce/codet5-base-multi-sum/resolve/main/vocab.json HTTP/1.1" 200 0
2023-02-15 04:59:09,116 Starting new HTTPS connection (1): huggingface.co:443
2023-02-15 04:59:09,325 https://huggingface.co:443 "HEAD /Salesforce/codet5-base-multi-sum/resolve/main/config.json HTTP/1.1" 200 0
2023-02-15 04:59:11,536 Starting new HTTPS connection (1): huggingface.co:443
2023-02-15 04:59:11,764 https://huggingface.co:443 "HEAD /Salesforce/codet5-base-multi-sum/resolve/main/generation_config.json HTTP/1.1" 404 0
2023-02-15 04:59:47,783 Input repository path validated successfully
2023-02-15 04:59:47,783 Input report folder path validated successfully
2023-02-15 04:59:47,783 Input repository path validated successfully
2023-02-15 04:59:47,783 Input report folder path validated successfully
2023-02-15 04:59:47,783 Extracting test/rp_mod_mod.cpp
2023-02-15 04:59:47,794 Extracting test/rp_mod.cpp
2023-02-15 04:59:47,804 Extracting test/rp_mod_mod_mod.cpp
2023-02-15 04:59:47,814 Extracting test/rp.cpp
2023-02-15 04:59:47,824 Extraction process took 0.001 minutes
2023-02-15 04:59:47,825 4 vaild files has been analysed
2023-02-15 04:59:47,833 Input repository path validated successfully
2023-02-15 04:59:47,833 Input report folder path validated successfully
2023-02-15 04:59:47,833 Input repository path validated successfully
2023-02-15 04:59:47,833 Input report folder path validated successfully
2023-02-15 04:59:47,833 Extracting test/rp_mod_mod.cpp
2023-02-15 04:59:47,844 Extracting test/rp_mod.cpp
2023-02-15 04:59:47,854 Extracting test/rp_mod_mod_mod.cpp
2023-02-15 04:59:47,864 Extracting test/rp.cpp
2023-02-15 04:59:47,875 Extraction process took 0.001 minutes
2023-02-15 04:59:47,875 4 vaild files has been analysed
2023-02-15 04:59:47,891 Starting new HTTPS connection (1): huggingface.co:443
2023-02-15 04:59:48,107 https://huggingface.co:443 "HEAD /Salesforce/codet5-base-multi-sum/resolve/main/vocab.json HTTP/1.1" 200 0
2023-02-15 04:59:48,221 Starting new HTTPS connection (1): huggingface.co:443
2023-02-15 04:59:48,423 https://huggingface.co:443 "HEAD /Salesforce/codet5-base-multi-sum/resolve/main/config.json HTTP/1.1" 200 0
2023-02-15 04:59:50,588 Starting new HTTPS connection (1): huggingface.co:443
2023-02-15 04:59:50,796 https://huggingface.co:443 "HEAD /Salesforce/codet5-base-multi-sum/resolve/main/generation_config.json HTTP/1.1" 404 0
2023-02-15 05:02:40,103 Input repository path validated successfully
2023-02-15 05:02:40,103 Input report folder path validated successfully
2023-02-15 05:02:40,103 Input repository path validated successfully
2023-02-15 05:02:40,103 Input report folder path validated successfully
2023-02-15 05:02:40,104 Extracting test/rp_mod_mod.cpp
2023-02-15 05:02:40,114 Extracting test/rp_mod.cpp
2023-02-15 05:02:40,124 Extracting test/rp_mod_mod_mod.cpp
2023-02-15 05:02:40,134 Extracting test/rp_mod_mod_mod_mod.cpp
2023-02-15 05:02:40,144 Extracting test/rp.cpp
2023-02-15 05:02:40,154 Extraction process took 0.001 minutes
2023-02-15 05:02:40,154 5 vaild files has been analysed
2023-02-15 05:02:40,163 Input repository path validated successfully
2023-02-15 05:02:40,163 Input report folder path validated successfully
2023-02-15 05:02:40,164 Input repository path validated successfully
2023-02-15 05:02:40,164 Input report folder path validated successfully
2023-02-15 05:02:40,164 Extracting test/rp_mod_mod.cpp
2023-02-15 05:02:40,174 Extracting test/rp_mod.cpp
2023-02-15 05:02:40,184 Extracting test/rp_mod_mod_mod.cpp
2023-02-15 05:02:40,194 Extracting test/rp_mod_mod_mod_mod.cpp
2023-02-15 05:02:40,204 Extracting test/rp.cpp
2023-02-15 05:02:40,214 Extraction process took 0.001 minutes
2023-02-15 05:02:40,214 5 vaild files has been analysed
2023-02-15 05:02:40,231 Starting new HTTPS connection (1): huggingface.co:443
2023-02-15 05:02:40,486 https://huggingface.co:443 "HEAD /Salesforce/codet5-base-multi-sum/resolve/main/vocab.json HTTP/1.1" 200 0
2023-02-15 05:02:40,600 Starting new HTTPS connection (1): huggingface.co:443
2023-02-15 05:02:40,807 https://huggingface.co:443 "HEAD /Salesforce/codet5-base-multi-sum/resolve/main/config.json HTTP/1.1" 200 0
2023-02-15 05:02:43,030 Starting new HTTPS connection (1): huggingface.co:443
2023-02-15 05:02:43,253 https://huggingface.co:443 "HEAD /Salesforce/codet5-base-multi-sum/resolve/main/generation_config.json HTTP/1.1" 404 0
2023-02-15 05:03:16,279 Input repository path validated successfully
2023-02-15 05:03:16,279 Input report folder path validated successfully
2023-02-15 05:03:16,279 Input repository path validated successfully
2023-02-15 05:03:16,280 Input report folder path validated successfully
2023-02-15 05:03:16,280 Extracting test/rp_mod_mod.cpp
2023-02-15 05:03:16,290 Extracting test/rp_mod.cpp
2023-02-15 05:03:16,300 Extracting test/rp_mod_mod_mod_mod_mod.cpp
2023-02-15 05:03:16,310 Extracting test/rp_mod_mod_mod.cpp
2023-02-15 05:03:16,320 Extracting test/rp_mod_mod_mod_mod.cpp
2023-02-15 05:03:16,330 Extracting test/rp.cpp
2023-02-15 05:03:16,340 Extraction process took 0.001 minutes
2023-02-15 05:03:16,341 6 vaild files has been analysed
2023-02-15 05:03:16,350 Input repository path validated successfully
2023-02-15 05:03:16,350 Input report folder path validated successfully
2023-02-15 05:03:16,350 Input repository path validated successfully
2023-02-15 05:03:16,350 Input report folder path validated successfully
2023-02-15 05:03:16,350 Extracting test/rp_mod_mod.cpp
2023-02-15 05:03:16,361 Extracting test/rp_mod.cpp
2023-02-15 05:03:16,371 Extracting test/rp_mod_mod_mod_mod_mod.cpp
2023-02-15 05:03:16,381 Extracting test/rp_mod_mod_mod.cpp
2023-02-15 05:03:16,391 Extracting test/rp_mod_mod_mod_mod.cpp
2023-02-15 05:03:16,401 Extracting test/rp.cpp
2023-02-15 05:03:16,411 Extraction process took 0.001 minutes
2023-02-15 05:03:16,412 6 vaild files has been analysed
2023-02-15 05:03:16,429 Starting new HTTPS connection (1): huggingface.co:443
2023-02-15 05:03:16,656 https://huggingface.co:443 "HEAD /Salesforce/codet5-base-multi-sum/resolve/main/vocab.json HTTP/1.1" 200 0
2023-02-15 05:03:16,770 Starting new HTTPS connection (1): huggingface.co:443
2023-02-15 05:03:16,986 https://huggingface.co:443 "HEAD /Salesforce/codet5-base-multi-sum/resolve/main/config.json HTTP/1.1" 200 0
2023-02-15 05:03:19,178 Starting new HTTPS connection (1): huggingface.co:443
2023-02-15 05:03:19,383 https://huggingface.co:443 "HEAD /Salesforce/codet5-base-multi-sum/resolve/main/generation_config.json HTTP/1.1" 404 0
2023-02-15 05:04:02,259 Input repository path validated successfully
2023-02-15 05:04:02,259 Input report folder path validated successfully
2023-02-15 05:04:02,259 Input repository path validated successfully
2023-02-15 05:04:02,259 Input report folder path validated successfully
2023-02-15 05:04:02,259 Extracting test/rp_mod_mod.cpp
2023-02-15 05:04:02,270 Extracting test/rp_mod.cpp
2023-02-15 05:04:02,280 Extracting test/rp_mod_mod_mod_mod_mod.cpp
2023-02-15 05:04:02,290 Extracting test/rp_mod_mod_mod.cpp
2023-02-15 05:04:02,300 Extracting test/rp_mod_mod_mod_mod.cpp
2023-02-15 05:04:02,309 Extracting test/rp.cpp
2023-02-15 05:04:02,319 Extracting test/rp_mod_mod_mod_mod_mod_mod.cpp
2023-02-15 05:04:02,329 Extraction process took 0.001 minutes
2023-02-15 05:04:02,330 7 vaild files has been analysed
2023-02-15 05:04:02,340 Input repository path validated successfully
2023-02-15 05:04:02,340 Input report folder path validated successfully
2023-02-15 05:04:02,340 Input repository path validated successfully
2023-02-15 05:04:02,341 Input report folder path validated successfully
2023-02-15 05:04:02,341 Extracting test/rp_mod_mod.cpp
2023-02-15 05:04:02,351 Extracting test/rp_mod.cpp
2023-02-15 05:04:02,361 Extracting test/rp_mod_mod_mod_mod_mod.cpp
2023-02-15 05:04:02,372 Extracting test/rp_mod_mod_mod.cpp
2023-02-15 05:04:02,381 Extracting test/rp_mod_mod_mod_mod.cpp
2023-02-15 05:04:02,391 Extracting test/rp.cpp
2023-02-15 05:04:02,401 Extracting test/rp_mod_mod_mod_mod_mod_mod.cpp
2023-02-15 05:04:02,411 Extraction process took 0.001 minutes
2023-02-15 05:04:02,412 7 vaild files has been analysed
2023-02-15 05:04:02,429 Starting new HTTPS connection (1): huggingface.co:443
2023-02-15 05:04:02,685 https://huggingface.co:443 "HEAD /Salesforce/codet5-base-multi-sum/resolve/main/vocab.json HTTP/1.1" 200 0
2023-02-15 05:04:02,798 Starting new HTTPS connection (1): huggingface.co:443
2023-02-15 05:04:03,002 https://huggingface.co:443 "HEAD /Salesforce/codet5-base-multi-sum/resolve/main/config.json HTTP/1.1" 200 0
2023-02-15 05:04:05,179 Starting new HTTPS connection (1): huggingface.co:443
2023-02-15 05:04:05,400 https://huggingface.co:443 "HEAD /Salesforce/codet5-base-multi-sum/resolve/main/generation_config.json HTTP/1.1" 404 0
2023-02-15 05:04:54,795 Input repository path validated successfully
2023-02-15 05:04:54,796 Input report folder path validated successfully
2023-02-15 05:04:54,796 Input repository path validated successfully
2023-02-15 05:04:54,796 Input report folder path validated successfully
2023-02-15 05:04:54,796 Extracting test/rp_mod_mod_mod_mod_mod_mod_mod.cpp
2023-02-15 05:04:54,807 Extracting test/rp_mod_mod.cpp
2023-02-15 05:04:54,818 Extracting test/rp_mod.cpp
2023-02-15 05:04:54,828 Extracting test/rp_mod_mod_mod_mod_mod.cpp
2023-02-15 05:04:54,839 Extracting test/rp_mod_mod_mod.cpp
2023-02-15 05:04:54,849 Extracting test/rp_mod_mod_mod_mod.cpp
2023-02-15 05:04:54,859 Extracting test/rp.cpp
2023-02-15 05:04:54,869 Extracting test/rp_mod_mod_mod_mod_mod_mod.cpp
2023-02-15 05:04:54,879 Extraction process took 0.001 minutes
2023-02-15 05:04:54,880 8 vaild files has been analysed
2023-02-15 05:04:54,891 Input repository path validated successfully
2023-02-15 05:04:54,891 Input report folder path validated successfully
2023-02-15 05:04:54,891 Input repository path validated successfully
2023-02-15 05:04:54,891 Input report folder path validated successfully
2023-02-15 05:04:54,891 Extracting test/rp_mod_mod_mod_mod_mod_mod_mod.cpp
2023-02-15 05:04:54,902 Extracting test/rp_mod_mod.cpp
2023-02-15 05:04:54,912 Extracting test/rp_mod.cpp
2023-02-15 05:04:54,922 Extracting test/rp_mod_mod_mod_mod_mod.cpp
2023-02-15 05:04:54,933 Extracting test/rp_mod_mod_mod.cpp
2023-02-15 05:04:54,943 Extracting test/rp_mod_mod_mod_mod.cpp
2023-02-15 05:04:54,953 Extracting test/rp.cpp
2023-02-15 05:04:54,963 Extracting test/rp_mod_mod_mod_mod_mod_mod.cpp
2023-02-15 05:04:54,973 Extraction process took 0.001 minutes
2023-02-15 05:04:54,973 8 vaild files has been analysed
2023-02-15 05:04:54,990 Starting new HTTPS connection (1): huggingface.co:443
2023-02-15 05:04:55,217 https://huggingface.co:443 "HEAD /Salesforce/codet5-base-multi-sum/resolve/main/vocab.json HTTP/1.1" 200 0
2023-02-15 05:04:55,330 Starting new HTTPS connection (1): huggingface.co:443
2023-02-15 05:04:55,536 https://huggingface.co:443 "HEAD /Salesforce/codet5-base-multi-sum/resolve/main/config.json HTTP/1.1" 200 0
2023-02-15 05:04:57,723 Starting new HTTPS connection (1): huggingface.co:443
2023-02-15 05:04:57,924 https://huggingface.co:443 "HEAD /Salesforce/codet5-base-multi-sum/resolve/main/generation_config.json HTTP/1.1" 404 0
2023-02-15 05:07:11,825 Input repository path validated successfully
2023-02-15 05:07:11,825 Input report folder path validated successfully
2023-02-15 05:07:11,825 Input repository path validated successfully
2023-02-15 05:07:11,825 Input report folder path validated successfully
2023-02-15 05:07:11,825 Extracting test/rp_mod_mod_mod_mod_mod_mod_mod.cpp
2023-02-15 05:07:11,836 Extracting test/rp_mod_mod.cpp
2023-02-15 05:07:11,847 Extracting test/rp_mod.cpp
2023-02-15 05:07:11,857 Extracting test/rp_mod_mod_mod_mod_mod.cpp
2023-02-15 05:07:11,867 Extracting test/rp_mod_mod_mod.cpp
2023-02-15 05:07:11,877 Extracting test/rp_mod_mod_mod_mod.cpp
2023-02-15 05:07:11,887 Extracting test/rp.cpp
2023-02-15 05:07:11,897 Extracting test/rp_mod_mod_mod_mod_mod_mod.cpp
2023-02-15 05:07:11,907 Extracting test/rp_mod_mod_mod_mod_mod_mod_mod_mod.cpp
2023-02-15 05:07:11,918 Extraction process took 0.002 minutes
2023-02-15 05:07:11,918 9 vaild files has been analysed
2023-02-15 05:07:11,933 Input repository path validated successfully
2023-02-15 05:07:11,933 Input report folder path validated successfully
2023-02-15 05:07:11,933 Input repository path validated successfully
2023-02-15 05:07:11,933 Input report folder path validated successfully
2023-02-15 05:07:11,933 Extracting test/rp_mod_mod_mod_mod_mod_mod_mod.cpp
2023-02-15 05:07:11,944 Extracting test/rp_mod_mod.cpp
2023-02-15 05:07:11,955 Extracting test/rp_mod.cpp
2023-02-15 05:07:11,964 Extracting test/rp_mod_mod_mod_mod_mod.cpp
2023-02-15 05:07:11,975 Extracting test/rp_mod_mod_mod.cpp
2023-02-15 05:07:11,985 Extracting test/rp_mod_mod_mod_mod.cpp
2023-02-15 05:07:11,995 Extracting test/rp.cpp
2023-02-15 05:07:12,005 Extracting test/rp_mod_mod_mod_mod_mod_mod.cpp
2023-02-15 05:07:12,015 Extracting test/rp_mod_mod_mod_mod_mod_mod_mod_mod.cpp
2023-02-15 05:07:12,025 Extraction process took 0.002 minutes
2023-02-15 05:07:12,025 9 vaild files has been analysed
2023-02-15 05:07:12,041 Starting new HTTPS connection (1): huggingface.co:443
2023-02-15 05:07:12,285 https://huggingface.co:443 "HEAD /Salesforce/codet5-base-multi-sum/resolve/main/vocab.json HTTP/1.1" 200 0
2023-02-15 05:07:12,398 Starting new HTTPS connection (1): huggingface.co:443
2023-02-15 05:07:12,609 https://huggingface.co:443 "HEAD /Salesforce/codet5-base-multi-sum/resolve/main/config.json HTTP/1.1" 200 0
2023-02-15 05:07:14,796 Starting new HTTPS connection (1): huggingface.co:443
2023-02-15 05:07:15,009 https://huggingface.co:443 "HEAD /Salesforce/codet5-base-multi-sum/resolve/main/generation_config.json HTTP/1.1" 404 0
2023-02-15 05:08:14,576 Input repository path validated successfully
2023-02-15 05:08:14,576 Input report folder path validated successfully
2023-02-15 05:08:14,576 Input repository path validated successfully
2023-02-15 05:08:14,576 Input report folder path validated successfully
2023-02-15 05:08:14,576 Extracting test/rp_mod_mod_mod_mod_mod_mod_mod.cpp
2023-02-15 05:08:14,587 Extracting test/rp_mod_mod.cpp
2023-02-15 05:08:14,597 Extracting test/rp_mod.cpp
2023-02-15 05:08:14,607 Extracting test/rp_mod_mod_mod_mod_mod.cpp
2023-02-15 05:08:14,617 Extracting test/rp_mod_mod_mod.cpp
2023-02-15 05:08:14,627 Extracting test/rp_mod_mod_mod_mod_mod_mod_mod_mod_mod.cpp
2023-02-15 05:08:14,638 Extracting test/rp_mod_mod_mod_mod.cpp
2023-02-15 05:08:14,648 Extracting test/rp.cpp
2023-02-15 05:08:14,657 Extracting test/rp_mod_mod_mod_mod_mod_mod.cpp
2023-02-15 05:08:14,668 Extracting test/rp_mod_mod_mod_mod_mod_mod_mod_mod.cpp
2023-02-15 05:08:14,678 Extraction process took 0.002 minutes
2023-02-15 05:08:14,678 10 vaild files has been analysed
2023-02-15 05:08:14,694 Input repository path validated successfully
2023-02-15 05:08:14,694 Input report folder path validated successfully
2023-02-15 05:08:14,694 Input repository path validated successfully
2023-02-15 05:08:14,694 Input report folder path validated successfully
2023-02-15 05:08:14,694 Extracting test/rp_mod_mod_mod_mod_mod_mod_mod.cpp
2023-02-15 05:08:14,706 Extracting test/rp_mod_mod.cpp
2023-02-15 05:08:14,716 Extracting test/rp_mod.cpp
2023-02-15 05:08:14,726 Extracting test/rp_mod_mod_mod_mod_mod.cpp
2023-02-15 05:08:14,736 Extracting test/rp_mod_mod_mod.cpp
2023-02-15 05:08:14,746 Extracting test/rp_mod_mod_mod_mod_mod_mod_mod_mod_mod.cpp
2023-02-15 05:08:14,756 Extracting test/rp_mod_mod_mod_mod.cpp
2023-02-15 05:08:14,767 Extracting test/rp.cpp
2023-02-15 05:08:14,776 Extracting test/rp_mod_mod_mod_mod_mod_mod.cpp
2023-02-15 05:08:14,787 Extracting test/rp_mod_mod_mod_mod_mod_mod_mod_mod.cpp
2023-02-15 05:08:14,797 Extraction process took 0.002 minutes
2023-02-15 05:08:14,797 10 vaild files has been analysed
2023-02-15 05:08:14,813 Starting new HTTPS connection (1): huggingface.co:443
2023-02-15 05:08:15,057 https://huggingface.co:443 "HEAD /Salesforce/codet5-base-multi-sum/resolve/main/vocab.json HTTP/1.1" 200 0
2023-02-15 05:08:15,169 Starting new HTTPS connection (1): huggingface.co:443
2023-02-15 05:08:15,376 https://huggingface.co:443 "HEAD /Salesforce/codet5-base-multi-sum/resolve/main/config.json HTTP/1.1" 200 0
2023-02-15 05:08:17,572 Starting new HTTPS connection (1): huggingface.co:443
2023-02-15 05:08:17,787 https://huggingface.co:443 "HEAD /Salesforce/codet5-base-multi-sum/resolve/main/generation_config.json HTTP/1.1" 404 0
2023-02-15 05:10:00,409 Input repository path validated successfully
2023-02-15 05:10:00,409 Input report folder path validated successfully
2023-02-15 05:10:00,409 Input repository path validated successfully
2023-02-15 05:10:00,409 Input report folder path validated successfully
2023-02-15 05:10:00,409 Extracting test/rp_mod_mod_mod_mod_mod_mod_mod.cpp
2023-02-15 05:10:00,421 Extracting test/rp_mod_mod.cpp
2023-02-15 05:10:00,431 Extracting test/rp_mod.cpp
2023-02-15 05:10:00,441 Extracting test/rp_mod_mod_mod_mod_mod.cpp
2023-02-15 05:10:00,451 Extracting test/rp_mod_mod_mod.cpp
2023-02-15 05:10:00,461 Extracting test/rp_mod_mod_mod_mod_mod_mod_mod_mod_mod.cpp
2023-02-15 05:10:00,471 Extracting test/rp_mod_mod_mod_mod.cpp
2023-02-15 05:10:00,481 Extracting test/rp.cpp
2023-02-15 05:10:00,491 Extracting test/rp_mod_mod_mod_mod_mod_mod.cpp
2023-02-15 05:10:00,502 Extracting test/rp_mod_mod_mod_mod_mod_mod_mod_mod_mod_mod.cpp
2023-02-15 05:10:00,512 Extracting test/rp_mod_mod_mod_mod_mod_mod_mod_mod.cpp
2023-02-15 05:10:00,522 Extraction process took 0.002 minutes
2023-02-15 05:10:00,523 11 vaild files has been analysed
2023-02-15 05:10:00,540 Input repository path validated successfully
2023-02-15 05:10:00,540 Input report folder path validated successfully
2023-02-15 05:10:00,540 Input repository path validated successfully
2023-02-15 05:10:00,540 Input report folder path validated successfully
2023-02-15 05:10:00,540 Extracting test/rp_mod_mod_mod_mod_mod_mod_mod.cpp
2023-02-15 05:10:00,552 Extracting test/rp_mod_mod.cpp
2023-02-15 05:10:00,562 Extracting test/rp_mod.cpp
2023-02-15 05:10:00,572 Extracting test/rp_mod_mod_mod_mod_mod.cpp
2023-02-15 05:10:00,582 Extracting test/rp_mod_mod_mod.cpp
2023-02-15 05:10:00,592 Extracting test/rp_mod_mod_mod_mod_mod_mod_mod_mod_mod.cpp
2023-02-15 05:10:00,602 Extracting test/rp_mod_mod_mod_mod.cpp
2023-02-15 05:10:00,613 Extracting test/rp.cpp
2023-02-15 05:10:00,622 Extracting test/rp_mod_mod_mod_mod_mod_mod.cpp
2023-02-15 05:10:00,633 Extracting test/rp_mod_mod_mod_mod_mod_mod_mod_mod_mod_mod.cpp
2023-02-15 05:10:00,643 Extracting test/rp_mod_mod_mod_mod_mod_mod_mod_mod.cpp
2023-02-15 05:10:00,654 Extraction process took 0.002 minutes
2023-02-15 05:10:00,654 11 vaild files has been analysed
2023-02-15 05:10:00,673 Starting new HTTPS connection (1): huggingface.co:443
2023-02-15 05:10:00,923 https://huggingface.co:443 "HEAD /Salesforce/codet5-base-multi-sum/resolve/main/vocab.json HTTP/1.1" 200 0
2023-02-15 05:10:01,036 Starting new HTTPS connection (1): huggingface.co:443
2023-02-15 05:10:01,256 https://huggingface.co:443 "HEAD /Salesforce/codet5-base-multi-sum/resolve/main/config.json HTTP/1.1" 200 0
2023-02-15 05:10:03,475 Starting new HTTPS connection (1): huggingface.co:443
2023-02-15 05:10:03,690 https://huggingface.co:443 "HEAD /Salesforce/codet5-base-multi-sum/resolve/main/generation_config.json HTTP/1.1" 404 0
2023-02-15 05:13:46,138 Input repository path validated successfully
2023-02-15 05:13:46,138 Input report folder path validated successfully
2023-02-15 05:13:46,138 Input repository path validated successfully
2023-02-15 05:13:46,138 Input report folder path validated successfully
2023-02-15 05:13:46,139 Extracting test/rp_mod_mod_mod_mod_mod_mod_mod.cpp
2023-02-15 05:13:46,150 Extracting test/rp_mod_mod.cpp
2023-02-15 05:13:46,160 Extracting test/rp_mod.cpp
2023-02-15 05:13:46,169 Extracting test/rp_mod_mod_mod_mod_mod.cpp
2023-02-15 05:13:46,180 Extracting test/rp_mod_mod_mod_mod_mod_mod_mod_mod_mod_mod_mod.cpp
2023-02-15 05:13:46,191 Extracting test/rp_mod_mod_mod.cpp
2023-02-15 05:13:46,201 Extracting test/rp_mod_mod_mod_mod_mod_mod_mod_mod_mod.cpp
2023-02-15 05:13:46,211 Extracting test/rp_mod_mod_mod_mod.cpp
2023-02-15 05:13:46,221 Extracting test/rp.cpp
2023-02-15 05:13:46,231 Extracting test/rp_mod_mod_mod_mod_mod_mod.cpp
2023-02-15 05:13:46,241 Extracting test/rp_mod_mod_mod_mod_mod_mod_mod_mod_mod_mod.cpp
2023-02-15 05:13:46,252 Extracting test/rp_mod_mod_mod_mod_mod_mod_mod_mod.cpp
2023-02-15 05:13:46,262 Extraction process took 0.002 minutes
2023-02-15 05:13:46,262 12 vaild files has been analysed
2023-02-15 05:13:46,280 Input repository path validated successfully
2023-02-15 05:13:46,280 Input report folder path validated successfully
2023-02-15 05:13:46,280 Input repository path validated successfully
2023-02-15 05:13:46,280 Input report folder path validated successfully
2023-02-15 05:13:46,281 Extracting test/rp_mod_mod_mod_mod_mod_mod_mod.cpp
2023-02-15 05:13:46,292 Extracting test/rp_mod_mod.cpp
2023-02-15 05:13:46,302 Extracting test/rp_mod.cpp
2023-02-15 05:13:46,312 Extracting test/rp_mod_mod_mod_mod_mod.cpp
2023-02-15 05:13:46,322 Extracting test/rp_mod_mod_mod_mod_mod_mod_mod_mod_mod_mod_mod.cpp
2023-02-15 05:13:46,332 Extracting test/rp_mod_mod_mod.cpp
2023-02-15 05:13:46,343 Extracting test/rp_mod_mod_mod_mod_mod_mod_mod_mod_mod.cpp
2023-02-15 05:13:46,353 Extracting test/rp_mod_mod_mod_mod.cpp
2023-02-15 05:13:46,363 Extracting test/rp.cpp
2023-02-15 05:13:46,373 Extracting test/rp_mod_mod_mod_mod_mod_mod.cpp
2023-02-15 05:13:46,383 Extracting test/rp_mod_mod_mod_mod_mod_mod_mod_mod_mod_mod.cpp
2023-02-15 05:13:46,395 Extracting test/rp_mod_mod_mod_mod_mod_mod_mod_mod.cpp
2023-02-15 05:13:46,405 Extraction process took 0.002 minutes
2023-02-15 05:13:46,405 12 vaild files has been analysed
2023-02-15 05:13:46,524 Starting new HTTPS connection (1): huggingface.co:443
2023-02-15 05:13:46,773 https://huggingface.co:443 "HEAD /Salesforce/codet5-base-multi-sum/resolve/main/vocab.json HTTP/1.1" 200 0
2023-02-15 05:13:46,856 Starting new HTTPS connection (1): huggingface.co:443
2023-02-15 05:13:47,060 https://huggingface.co:443 "HEAD /Salesforce/codet5-base-multi-sum/resolve/main/config.json HTTP/1.1" 200 0
2023-02-15 05:13:49,279 Starting new HTTPS connection (1): huggingface.co:443
2023-02-15 05:13:49,501 https://huggingface.co:443 "HEAD /Salesforce/codet5-base-multi-sum/resolve/main/generation_config.json HTTP/1.1" 404 0
2023-02-15 05:14:17,486 Input repository path validated successfully
2023-02-15 05:14:17,487 Input report folder path validated successfully
2023-02-15 05:14:17,487 Input repository path validated successfully
2023-02-15 05:14:17,487 Input report folder path validated successfully
2023-02-15 05:14:17,487 Extracting test/rp_mod_mod_mod_mod_mod_mod_mod.cpp
2023-02-15 05:14:17,498 Extracting test/rp_mod_mod.cpp
2023-02-15 05:14:17,508 Extracting test/rp_mod.cpp
2023-02-15 05:14:17,518 Extracting test/rp_mod_mod_mod_mod_mod.cpp
2023-02-15 05:14:17,528 Extracting test/rp_mod_mod_mod_mod_mod_mod_mod_mod_mod_mod_mod.cpp
2023-02-15 05:14:17,539 Extracting test/rp_mod_mod_mod.cpp
2023-02-15 05:14:17,549 Extracting test/rp_mod_mod_mod_mod_mod_mod_mod_mod_mod.cpp
2023-02-15 05:14:17,559 Extracting test/rp_mod_mod_mod_mod.cpp
2023-02-15 05:14:17,569 Extracting test/rp.cpp
2023-02-15 05:14:17,579 Extracting test/rp_mod_mod_mod_mod_mod_mod.cpp
2023-02-15 05:14:17,589 Extracting test/rp_mod_mod_mod_mod_mod_mod_mod_mod_mod_mod.cpp
2023-02-15 05:14:17,599 Extracting test/rp_mod_mod_mod_mod_mod_mod_mod_mod.cpp
2023-02-15 05:14:17,610 Extraction process took 0.002 minutes
2023-02-15 05:14:17,610 12 vaild files has been analysed
2023-02-15 05:14:17,628 Input repository path validated successfully
2023-02-15 05:14:17,628 Input report folder path validated successfully
2023-02-15 05:14:17,628 Input repository path validated successfully
2023-02-15 05:14:17,628 Input report folder path validated successfully
2023-02-15 05:14:17,628 Extracting test/rp_mod_mod_mod_mod_mod_mod_mod.cpp
2023-02-15 05:14:17,639 Extracting test/rp_mod_mod.cpp
2023-02-15 05:14:17,649 Extracting test/rp_mod.cpp
2023-02-15 05:14:17,659 Extracting test/rp_mod_mod_mod_mod_mod.cpp
2023-02-15 05:14:17,669 Extracting test/rp_mod_mod_mod_mod_mod_mod_mod_mod_mod_mod_mod.cpp
2023-02-15 05:14:17,680 Extracting test/rp_mod_mod_mod.cpp
2023-02-15 05:14:17,690 Extracting test/rp_mod_mod_mod_mod_mod_mod_mod_mod_mod.cpp
2023-02-15 05:14:17,700 Extracting test/rp_mod_mod_mod_mod.cpp
2023-02-15 05:14:17,710 Extracting test/rp.cpp
2023-02-15 05:14:17,720 Extracting test/rp_mod_mod_mod_mod_mod_mod.cpp
2023-02-15 05:14:17,730 Extracting test/rp_mod_mod_mod_mod_mod_mod_mod_mod_mod_mod.cpp
2023-02-15 05:14:17,741 Extracting test/rp_mod_mod_mod_mod_mod_mod_mod_mod.cpp
2023-02-15 05:14:17,752 Extraction process took 0.002 minutes
2023-02-15 05:14:17,752 12 vaild files has been analysed
2023-02-15 05:14:17,883 Starting new HTTPS connection (1): huggingface.co:443
2023-02-15 05:14:18,102 https://huggingface.co:443 "HEAD /Salesforce/codet5-base-multi-sum/resolve/main/vocab.json HTTP/1.1" 200 0
2023-02-15 05:14:18,215 Starting new HTTPS connection (1): huggingface.co:443
2023-02-15 05:14:18,437 https://huggingface.co:443 "HEAD /Salesforce/codet5-base-multi-sum/resolve/main/config.json HTTP/1.1" 200 0
2023-02-15 05:14:20,623 Starting new HTTPS connection (1): huggingface.co:443
2023-02-15 05:14:20,828 https://huggingface.co:443 "HEAD /Salesforce/codet5-base-multi-sum/resolve/main/generation_config.json HTTP/1.1" 404 0
2023-02-15 05:19:37,445 Input repository path validated successfully
2023-02-15 05:19:37,445 Input report folder path validated successfully
2023-02-15 05:19:37,445 Input repository path validated successfully
2023-02-15 05:19:37,445 Input report folder path validated successfully
2023-02-15 05:19:37,446 Extracting CSCE-430/MP_1/crsd.cpp
2023-02-15 05:19:37,458 Extracting CSCE-430/MP_1/crc.cpp
2023-02-15 05:19:37,466 Extracting CSCE-430/MP_1/cmake-build-debug/CMakeFiles/3.24.2/CompilerIdC/CMakeCCompilerId.c
2023-02-15 05:19:37,476 Extracting CSCE-430/MP_1/cmake-build-debug/CMakeFiles/3.24.2/CompilerIdCXX/CMakeCXXCompilerId.cpp
2023-02-15 05:19:37,486 Extraction process took 0.001 minutes
2023-02-15 05:19:37,487 4 vaild files has been analysed
2023-02-15 05:19:37,497 Input repository path validated successfully
2023-02-15 05:19:37,498 Input report folder path validated successfully
2023-02-15 05:19:37,498 Input repository path validated successfully
2023-02-15 05:19:37,498 Input report folder path validated successfully
2023-02-15 05:19:37,499 Extracting CSCE-430/MP_1/crsd.cpp
2023-02-15 05:19:37,510 Extracting CSCE-430/MP_1/crc.cpp
2023-02-15 05:19:37,519 Extracting CSCE-430/MP_1/cmake-build-debug/CMakeFiles/3.24.2/CompilerIdC/CMakeCCompilerId.c
2023-02-15 05:19:37,529 Extracting CSCE-430/MP_1/cmake-build-debug/CMakeFiles/3.24.2/CompilerIdCXX/CMakeCXXCompilerId.cpp
2023-02-15 05:19:37,538 Extraction process took 0.001 minutes
2023-02-15 05:19:37,539 4 vaild files has been analysed
2023-02-15 05:19:37,549 Starting new HTTPS connection (1): huggingface.co:443
2023-02-15 05:19:37,798 https://huggingface.co:443 "HEAD /Salesforce/codet5-base-multi-sum/resolve/main/vocab.json HTTP/1.1" 200 0
2023-02-15 05:19:37,912 Starting new HTTPS connection (1): huggingface.co:443
2023-02-15 05:19:38,136 https://huggingface.co:443 "HEAD /Salesforce/codet5-base-multi-sum/resolve/main/config.json HTTP/1.1" 200 0
2023-02-15 05:19:40,375 Starting new HTTPS connection (1): huggingface.co:443
2023-02-15 05:19:40,606 https://huggingface.co:443 "HEAD /Salesforce/codet5-base-multi-sum/resolve/main/generation_config.json HTTP/1.1" 404 0
2023-02-15 05:37:52,717 Input repository path validated successfully
2023-02-15 05:37:52,718 Input report folder path validated successfully
2023-02-15 05:37:52,718 Input repository path validated successfully
2023-02-15 05:37:52,718 Input report folder path validated successfully
2023-02-15 05:37:52,718 Extracting FunctionExtract/condition_checker.py
2023-02-15 05:37:52,727 Extracting FunctionExtract/extractor_log.py
2023-02-15 05:37:52,734 Extracting FunctionExtract/extractor_cmd.py
2023-02-15 05:37:52,742 Extracting FunctionExtract/core_extractor.py
2023-02-15 05:37:52,751 Extracting FunctionExtract/__init__.py
2023-02-15 05:37:52,757 Extracting FunctionExtract/__main__.py
2023-02-15 05:37:52,765 Extraction process took 0.001 minutes
2023-02-15 05:37:52,765 6 vaild files has been analysed
2023-02-15 05:37:52,776 Input repository path validated successfully
2023-02-15 05:37:52,777 Input report folder path validated successfully
2023-02-15 05:37:52,777 Input repository path validated successfully
2023-02-15 05:37:52,777 Input report folder path validated successfully
2023-02-15 05:37:52,777 Extracting FunctionExtract/condition_checker.py
2023-02-15 05:37:52,786 Extracting FunctionExtract/extractor_log.py
2023-02-15 05:37:52,793 Extracting FunctionExtract/extractor_cmd.py
2023-02-15 05:37:52,801 Extracting FunctionExtract/core_extractor.py
2023-02-15 05:37:52,810 Extracting FunctionExtract/__init__.py
2023-02-15 05:37:52,817 Extracting FunctionExtract/__main__.py
2023-02-15 05:37:52,824 Extraction process took 0.001 minutes
2023-02-15 05:37:52,824 6 vaild files has been analysed
2023-02-15 05:37:52,835 Starting new HTTPS connection (1): huggingface.co:443
2023-02-15 05:37:53,078 https://huggingface.co:443 "HEAD /Salesforce/codet5-base-multi-sum/resolve/main/vocab.json HTTP/1.1" 200 0
2023-02-15 05:37:53,190 Starting new HTTPS connection (1): huggingface.co:443
2023-02-15 05:37:53,407 https://huggingface.co:443 "HEAD /Salesforce/codet5-base-multi-sum/resolve/main/config.json HTTP/1.1" 200 0
2023-02-15 05:37:55,603 Starting new HTTPS connection (1): huggingface.co:443
2023-02-15 05:37:55,802 https://huggingface.co:443 "HEAD /Salesforce/codet5-base-multi-sum/resolve/main/generation_config.json HTTP/1.1" 404 0
